<?xml version="1.0" encoding="UTF-8"?>
<coverage generated="1741160244806" clover="3.2.0">
  <project timestamp="1741160244807" name="All files">
    <metrics statements="571" coveredstatements="320" conditionals="81" coveredconditionals="68" methods="28" coveredmethods="22" elements="680" coveredelements="410" complexity="0" loc="571" ncloc="571" packages="8" files="13" classes="13"/>
    <package name="todo-list">
      <metrics statements="81" coveredstatements="0" conditionals="2" coveredconditionals="1" methods="2" coveredmethods="1"/>
      <file name="react-router.config.ts" path="D:\FE-Projects\todo-list\react-router.config.ts">
        <metrics statements="3" coveredstatements="0" conditionals="1" coveredconditionals="1" methods="1" coveredmethods="1"/>
        <line num="3" count="0" type="stmt"/>
        <line num="6" count="0" type="stmt"/>
        <line num="7" count="0" type="stmt"/>
      </file>
      <file name="taildwind.config.js" path="D:\FE-Projects\todo-list\taildwind.config.js">
        <metrics statements="78" coveredstatements="0" conditionals="1" coveredconditionals="0" methods="1" coveredmethods="0"/>
        <line num="1" count="0" type="cond" truecount="0" falsecount="1"/>
        <line num="2" count="0" type="stmt"/>
        <line num="3" count="0" type="stmt"/>
        <line num="4" count="0" type="stmt"/>
        <line num="5" count="0" type="stmt"/>
        <line num="6" count="0" type="stmt"/>
        <line num="7" count="0" type="stmt"/>
        <line num="8" count="0" type="stmt"/>
        <line num="9" count="0" type="stmt"/>
        <line num="10" count="0" type="stmt"/>
        <line num="11" count="0" type="stmt"/>
        <line num="12" count="0" type="stmt"/>
        <line num="13" count="0" type="stmt"/>
        <line num="14" count="0" type="stmt"/>
        <line num="15" count="0" type="stmt"/>
        <line num="16" count="0" type="stmt"/>
        <line num="17" count="0" type="stmt"/>
        <line num="18" count="0" type="stmt"/>
        <line num="19" count="0" type="stmt"/>
        <line num="20" count="0" type="stmt"/>
        <line num="21" count="0" type="stmt"/>
        <line num="22" count="0" type="stmt"/>
        <line num="23" count="0" type="stmt"/>
        <line num="24" count="0" type="stmt"/>
        <line num="25" count="0" type="stmt"/>
        <line num="26" count="0" type="stmt"/>
        <line num="27" count="0" type="stmt"/>
        <line num="28" count="0" type="stmt"/>
        <line num="29" count="0" type="stmt"/>
        <line num="30" count="0" type="stmt"/>
        <line num="31" count="0" type="stmt"/>
        <line num="32" count="0" type="stmt"/>
        <line num="33" count="0" type="stmt"/>
        <line num="34" count="0" type="stmt"/>
        <line num="35" count="0" type="stmt"/>
        <line num="36" count="0" type="stmt"/>
        <line num="37" count="0" type="stmt"/>
        <line num="38" count="0" type="stmt"/>
        <line num="39" count="0" type="stmt"/>
        <line num="40" count="0" type="stmt"/>
        <line num="41" count="0" type="stmt"/>
        <line num="42" count="0" type="stmt"/>
        <line num="43" count="0" type="stmt"/>
        <line num="44" count="0" type="stmt"/>
        <line num="45" count="0" type="stmt"/>
        <line num="46" count="0" type="stmt"/>
        <line num="47" count="0" type="stmt"/>
        <line num="48" count="0" type="stmt"/>
        <line num="49" count="0" type="stmt"/>
        <line num="50" count="0" type="stmt"/>
        <line num="51" count="0" type="stmt"/>
        <line num="52" count="0" type="stmt"/>
        <line num="53" count="0" type="stmt"/>
        <line num="54" count="0" type="stmt"/>
        <line num="55" count="0" type="stmt"/>
        <line num="56" count="0" type="stmt"/>
        <line num="57" count="0" type="stmt"/>
        <line num="58" count="0" type="stmt"/>
        <line num="59" count="0" type="stmt"/>
        <line num="60" count="0" type="stmt"/>
        <line num="61" count="0" type="stmt"/>
        <line num="62" count="0" type="stmt"/>
        <line num="63" count="0" type="stmt"/>
        <line num="64" count="0" type="stmt"/>
        <line num="65" count="0" type="stmt"/>
        <line num="66" count="0" type="stmt"/>
        <line num="67" count="0" type="stmt"/>
        <line num="68" count="0" type="stmt"/>
        <line num="69" count="0" type="stmt"/>
        <line num="70" count="0" type="stmt"/>
        <line num="71" count="0" type="stmt"/>
        <line num="72" count="0" type="stmt"/>
        <line num="73" count="0" type="stmt"/>
        <line num="74" count="0" type="stmt"/>
        <line num="75" count="0" type="stmt"/>
        <line num="76" count="0" type="stmt"/>
        <line num="77" count="0" type="stmt"/>
        <line num="78" count="0" type="stmt"/>
      </file>
    </package>
    <package name="todo-list.app">
      <metrics statements="64" coveredstatements="0" conditionals="2" coveredconditionals="0" methods="2" coveredmethods="0"/>
      <file name="root.tsx" path="D:\FE-Projects\todo-list\app\root.tsx">
        <metrics statements="59" coveredstatements="0" conditionals="1" coveredconditionals="0" methods="1" coveredmethods="0"/>
        <line num="1" count="0" type="cond" truecount="0" falsecount="1"/>
        <line num="13" count="0" type="stmt"/>
        <line num="14" count="0" type="stmt"/>
        <line num="15" count="0" type="stmt"/>
        <line num="16" count="0" type="stmt"/>
        <line num="17" count="0" type="stmt"/>
        <line num="18" count="0" type="stmt"/>
        <line num="19" count="0" type="stmt"/>
        <line num="20" count="0" type="stmt"/>
        <line num="21" count="0" type="stmt"/>
        <line num="22" count="0" type="stmt"/>
        <line num="23" count="0" type="stmt"/>
        <line num="24" count="0" type="stmt"/>
        <line num="26" count="0" type="stmt"/>
        <line num="27" count="0" type="stmt"/>
        <line num="28" count="0" type="stmt"/>
        <line num="29" count="0" type="stmt"/>
        <line num="30" count="0" type="stmt"/>
        <line num="31" count="0" type="stmt"/>
        <line num="32" count="0" type="stmt"/>
        <line num="33" count="0" type="stmt"/>
        <line num="34" count="0" type="stmt"/>
        <line num="35" count="0" type="stmt"/>
        <line num="36" count="0" type="stmt"/>
        <line num="37" count="0" type="stmt"/>
        <line num="38" count="0" type="stmt"/>
        <line num="39" count="0" type="stmt"/>
        <line num="40" count="0" type="stmt"/>
        <line num="41" count="0" type="stmt"/>
        <line num="42" count="0" type="stmt"/>
        <line num="43" count="0" type="stmt"/>
        <line num="45" count="0" type="stmt"/>
        <line num="47" count="0" type="stmt"/>
        <line num="48" count="0" type="stmt"/>
        <line num="49" count="0" type="stmt"/>
        <line num="51" count="0" type="stmt"/>
        <line num="52" count="0" type="stmt"/>
        <line num="53" count="0" type="stmt"/>
        <line num="54" count="0" type="stmt"/>
        <line num="56" count="0" type="stmt"/>
        <line num="57" count="0" type="stmt"/>
        <line num="58" count="0" type="stmt"/>
        <line num="59" count="0" type="stmt"/>
        <line num="60" count="0" type="stmt"/>
        <line num="61" count="0" type="stmt"/>
        <line num="62" count="0" type="stmt"/>
        <line num="63" count="0" type="stmt"/>
        <line num="64" count="0" type="stmt"/>
        <line num="65" count="0" type="stmt"/>
        <line num="67" count="0" type="stmt"/>
        <line num="68" count="0" type="stmt"/>
        <line num="69" count="0" type="stmt"/>
        <line num="70" count="0" type="stmt"/>
        <line num="71" count="0" type="stmt"/>
        <line num="72" count="0" type="stmt"/>
        <line num="73" count="0" type="stmt"/>
        <line num="74" count="0" type="stmt"/>
        <line num="76" count="0" type="stmt"/>
        <line num="78" count="0" type="stmt"/>
      </file>
      <file name="routes.ts" path="D:\FE-Projects\todo-list\app\routes.ts">
        <metrics statements="5" coveredstatements="0" conditionals="1" coveredconditionals="0" methods="1" coveredmethods="0"/>
        <line num="1" count="0" type="cond" truecount="0" falsecount="1"/>
        <line num="3" count="0" type="stmt"/>
        <line num="4" count="0" type="stmt"/>
        <line num="5" count="0" type="stmt"/>
        <line num="6" count="0" type="stmt"/>
      </file>
    </package>
    <package name="todo-list.app.routes">
      <metrics statements="20" coveredstatements="0" conditionals="2" coveredconditionals="0" methods="2" coveredmethods="0"/>
      <file name="home.tsx" path="D:\FE-Projects\todo-list\app\routes\home.tsx">
        <metrics statements="10" coveredstatements="0" conditionals="1" coveredconditionals="0" methods="1" coveredmethods="0"/>
        <line num="1" count="0" type="cond" truecount="0" falsecount="1"/>
        <line num="5" count="0" type="stmt"/>
        <line num="6" count="0" type="stmt"/>
        <line num="7" count="0" type="stmt"/>
        <line num="8" count="0" type="stmt"/>
        <line num="9" count="0" type="stmt"/>
        <line num="10" count="0" type="stmt"/>
        <line num="12" count="0" type="stmt"/>
        <line num="13" count="0" type="stmt"/>
        <line num="14" count="0" type="stmt"/>
      </file>
      <file name="todo.tsx" path="D:\FE-Projects\todo-list\app\routes\todo.tsx">
        <metrics statements="10" coveredstatements="0" conditionals="1" coveredconditionals="0" methods="1" coveredmethods="0"/>
        <line num="1" count="0" type="cond" truecount="0" falsecount="1"/>
        <line num="4" count="0" type="stmt"/>
        <line num="5" count="0" type="stmt"/>
        <line num="6" count="0" type="stmt"/>
        <line num="7" count="0" type="stmt"/>
        <line num="8" count="0" type="stmt"/>
        <line num="9" count="0" type="stmt"/>
        <line num="11" count="0" type="stmt"/>
        <line num="12" count="0" type="stmt"/>
        <line num="13" count="0" type="stmt"/>
      </file>
    </package>
    <package name="todo-list.components.todo-item">
      <metrics statements="87" coveredstatements="87" conditionals="24" coveredconditionals="24" methods="7" coveredmethods="7"/>
      <file name="todo-item.tsx" path="D:\FE-Projects\todo-list\components\todo-item\todo-item.tsx">
        <metrics statements="87" coveredstatements="87" conditionals="24" coveredconditionals="24" methods="7" coveredmethods="7"/>
        <line num="1" count="1" type="stmt"/>
        <line num="20" count="1" type="cond" truecount="1" falsecount="0"/>
        <line num="21" count="98" type="stmt"/>
        <line num="22" count="98" type="stmt"/>
        <line num="23" count="98" type="stmt"/>
        <line num="25" count="98" type="cond" truecount="1" falsecount="0"/>
        <line num="26" count="39" type="cond" truecount="2" falsecount="0"/>
        <line num="27" count="7" type="stmt"/>
        <line num="28" count="7" type="stmt"/>
        <line num="29" count="98" type="stmt"/>
        <line num="31" count="98" type="cond" truecount="1" falsecount="0"/>
        <line num="32" count="7" type="stmt"/>
        <line num="33" count="7" type="stmt"/>
        <line num="34" count="7" type="stmt"/>
        <line num="36" count="98" type="cond" truecount="1" falsecount="0"/>
        <line num="37" count="4" type="cond" truecount="1" falsecount="0"/>
        <line num="38" count="3" type="stmt"/>
        <line num="39" count="3" type="stmt"/>
        <line num="40" count="3" type="stmt"/>
        <line num="41" count="4" type="stmt"/>
        <line num="43" count="98" type="cond" truecount="1" falsecount="0"/>
        <line num="44" count="51" type="cond" truecount="1" falsecount="0"/>
        <line num="45" count="3" type="stmt"/>
        <line num="46" count="51" type="cond" truecount="2" falsecount="0"/>
        <line num="47" count="1" type="stmt"/>
        <line num="48" count="1" type="stmt"/>
        <line num="49" count="1" type="stmt"/>
        <line num="50" count="51" type="stmt"/>
        <line num="52" count="98" type="stmt"/>
        <line num="53" count="98" type="stmt"/>
        <line num="54" count="98" type="stmt"/>
        <line num="55" count="98" type="stmt"/>
        <line num="56" count="98" type="stmt"/>
        <line num="57" count="98" type="stmt"/>
        <line num="58" count="98" type="stmt"/>
        <line num="59" count="98" type="stmt"/>
        <line num="61" count="98" type="stmt"/>
        <line num="62" count="98" type="stmt"/>
        <line num="63" count="98" type="stmt"/>
        <line num="64" count="98" type="stmt"/>
        <line num="65" count="98" type="stmt"/>
        <line num="66" count="98" type="cond" truecount="1" falsecount="0"/>
        <line num="67" count="11" type="cond" truecount="1" falsecount="0"/>
        <line num="68" count="87" type="stmt"/>
        <line num="69" count="98" type="stmt"/>
        <line num="70" count="98" type="cond" truecount="1" falsecount="0"/>
        <line num="71" count="98" type="stmt"/>
        <line num="73" count="98" type="cond" truecount="1" falsecount="0"/>
        <line num="74" count="98" type="stmt"/>
        <line num="76" count="98" type="cond" truecount="1" falsecount="0"/>
        <line num="77" count="59" type="stmt"/>
        <line num="78" count="59" type="stmt"/>
        <line num="79" count="59" type="stmt"/>
        <line num="80" count="59" type="stmt"/>
        <line num="81" count="59" type="cond" truecount="1" falsecount="0"/>
        <line num="82" count="59" type="stmt"/>
        <line num="83" count="59" type="stmt"/>
        <line num="84" count="59" type="stmt"/>
        <line num="85" count="59" type="cond" truecount="1" falsecount="0"/>
        <line num="87" count="39" type="stmt"/>
        <line num="88" count="39" type="stmt"/>
        <line num="89" count="39" type="stmt"/>
        <line num="90" count="39" type="cond" truecount="1" falsecount="0"/>
        <line num="91" count="11" type="stmt"/>
        <line num="92" count="39" type="stmt"/>
        <line num="93" count="39" type="cond" truecount="2" falsecount="0"/>
        <line num="95" count="39" type="stmt"/>
        <line num="96" count="39" type="stmt"/>
        <line num="99" count="98" type="stmt"/>
        <line num="100" count="98" type="cond" truecount="2" falsecount="0"/>
        <line num="101" count="28" type="stmt"/>
        <line num="102" count="28" type="stmt"/>
        <line num="103" count="28" type="stmt"/>
        <line num="104" count="28" type="stmt"/>
        <line num="105" count="28" type="stmt"/>
        <line num="107" count="28" type="stmt"/>
        <line num="108" count="28" type="stmt"/>
        <line num="110" count="98" type="stmt"/>
        <line num="111" count="98" type="stmt"/>
        <line num="112" count="98" type="stmt"/>
        <line num="113" count="98" type="stmt"/>
        <line num="114" count="98" type="cond" truecount="1" falsecount="0"/>
        <line num="116" count="98" type="stmt"/>
        <line num="117" count="98" type="stmt"/>
        <line num="118" count="98" type="stmt"/>
        <line num="119" count="98" type="stmt"/>
        <line num="121" count="98" type="stmt"/>
      </file>
    </package>
    <package name="todo-list.components.todo-list">
      <metrics statements="156" coveredstatements="151" conditionals="43" coveredconditionals="38" methods="11" coveredmethods="11"/>
      <file name="todo-list.tsx" path="D:\FE-Projects\todo-list\components\todo-list\todo-list.tsx">
        <metrics statements="156" coveredstatements="151" conditionals="43" coveredconditionals="38" methods="11" coveredmethods="11"/>
        <line num="1" count="1" type="stmt"/>
        <line num="19" count="54" type="cond" truecount="1" falsecount="0"/>
        <line num="20" count="54" type="cond" truecount="1" falsecount="0"/>
        <line num="21" count="13" type="stmt"/>
        <line num="22" count="13" type="stmt"/>
        <line num="23" count="13" type="stmt"/>
        <line num="24" count="13" type="cond" truecount="2" falsecount="0"/>
        <line num="25" count="13" type="cond" truecount="0" falsecount="1"/>
        <line num="26" count="0" type="stmt"/>
        <line num="27" count="0" type="stmt"/>
        <line num="28" count="0" type="stmt"/>
        <line num="29" count="13" type="cond" truecount="0" falsecount="1"/>
        <line num="30" count="0" type="stmt"/>
        <line num="31" count="54" type="stmt"/>
        <line num="32" count="54" type="stmt"/>
        <line num="33" count="54" type="stmt"/>
        <line num="36" count="54" type="cond" truecount="1" falsecount="0"/>
        <line num="37" count="19" type="stmt"/>
        <line num="38" count="54" type="stmt"/>
        <line num="40" count="54" type="cond" truecount="1" falsecount="0"/>
        <line num="41" count="3" type="cond" truecount="2" falsecount="0"/>
        <line num="43" count="2" type="stmt"/>
        <line num="44" count="2" type="stmt"/>
        <line num="45" count="2" type="stmt"/>
        <line num="46" count="2" type="stmt"/>
        <line num="47" count="2" type="stmt"/>
        <line num="48" count="2" type="stmt"/>
        <line num="49" count="2" type="stmt"/>
        <line num="50" count="2" type="stmt"/>
        <line num="51" count="2" type="stmt"/>
        <line num="52" count="2" type="stmt"/>
        <line num="53" count="3" type="stmt"/>
        <line num="55" count="54" type="cond" truecount="1" falsecount="0"/>
        <line num="56" count="1" type="stmt"/>
        <line num="57" count="1" type="cond" truecount="1" falsecount="0"/>
        <line num="58" count="1" type="cond" truecount="0" falsecount="1"/>
        <line num="59" count="1" type="stmt"/>
        <line num="60" count="1" type="stmt"/>
        <line num="61" count="1" type="stmt"/>
        <line num="63" count="54" type="cond" truecount="1" falsecount="0"/>
        <line num="64" count="1" type="cond" truecount="1" falsecount="0"/>
        <line num="65" count="1" type="stmt"/>
        <line num="67" count="54" type="cond" truecount="1" falsecount="0"/>
        <line num="68" count="1" type="cond" truecount="1" falsecount="0"/>
        <line num="69" count="1" type="stmt"/>
        <line num="71" count="54" type="cond" truecount="1" falsecount="0"/>
        <line num="72" count="1" type="stmt"/>
        <line num="73" count="1" type="cond" truecount="1" falsecount="1"/>
        <line num="74" count="1" type="stmt"/>
        <line num="75" count="1" type="stmt"/>
        <line num="77" count="54" type="cond" truecount="1" falsecount="0"/>
        <line num="78" count="28" type="cond" truecount="2" falsecount="0"/>
        <line num="79" count="28" type="cond" truecount="2" falsecount="0"/>
        <line num="80" count="21" type="stmt"/>
        <line num="81" count="54" type="stmt"/>
        <line num="83" count="54" type="cond" truecount="1" falsecount="0"/>
        <line num="85" count="54" type="stmt"/>
        <line num="86" count="54" type="stmt"/>
        <line num="87" count="54" type="stmt"/>
        <line num="88" count="54" type="stmt"/>
        <line num="90" count="54" type="stmt"/>
        <line num="91" count="54" type="stmt"/>
        <line num="92" count="54" type="stmt"/>
        <line num="93" count="54" type="stmt"/>
        <line num="94" count="54" type="stmt"/>
        <line num="95" count="54" type="stmt"/>
        <line num="96" count="54" type="cond" truecount="1" falsecount="0"/>
        <line num="97" count="54" type="cond" truecount="1" falsecount="0"/>
        <line num="98" count="31" type="cond" truecount="1" falsecount="0"/>
        <line num="99" count="31" type="stmt"/>
        <line num="100" count="54" type="stmt"/>
        <line num="101" count="54" type="stmt"/>
        <line num="102" count="54" type="stmt"/>
        <line num="103" count="54" type="stmt"/>
        <line num="104" count="54" type="stmt"/>
        <line num="105" count="54" type="stmt"/>
        <line num="107" count="54" type="stmt"/>
        <line num="108" count="54" type="stmt"/>
        <line num="109" count="54" type="stmt"/>
        <line num="110" count="54" type="stmt"/>
        <line num="112" count="54" type="stmt"/>
        <line num="113" count="54" type="stmt"/>
        <line num="114" count="54" type="stmt"/>
        <line num="115" count="54" type="cond" truecount="1" falsecount="0"/>
        <line num="116" count="18" type="cond" truecount="1" falsecount="0"/>
        <line num="117" count="24" type="stmt"/>
        <line num="118" count="24" type="stmt"/>
        <line num="119" count="24" type="stmt"/>
        <line num="120" count="24" type="stmt"/>
        <line num="121" count="24" type="stmt"/>
        <line num="122" count="24" type="stmt"/>
        <line num="123" count="24" type="stmt"/>
        <line num="124" count="18" type="cond" truecount="1" falsecount="0"/>
        <line num="126" count="36" type="stmt"/>
        <line num="127" count="36" type="stmt"/>
        <line num="128" count="36" type="stmt"/>
        <line num="129" count="36" type="stmt"/>
        <line num="131" count="36" type="cond" truecount="1" falsecount="0"/>
        <line num="132" count="35" type="cond" truecount="1" falsecount="0"/>
        <line num="133" count="1" type="cond" truecount="0" falsecount="1"/>
        <line num="134" count="0" type="stmt"/>
        <line num="135" count="1" type="stmt"/>
        <line num="136" count="36" type="stmt"/>
        <line num="138" count="54" type="stmt"/>
        <line num="139" count="54" type="stmt"/>
        <line num="141" count="54" type="stmt"/>
        <line num="142" count="54" type="stmt"/>
        <line num="143" count="54" type="stmt"/>
        <line num="144" count="54" type="stmt"/>
        <line num="145" count="54" type="stmt"/>
        <line num="147" count="54" type="cond" truecount="2" falsecount="0"/>
        <line num="149" count="54" type="stmt"/>
        <line num="150" count="54" type="stmt"/>
        <line num="151" count="54" type="stmt"/>
        <line num="152" count="54" type="stmt"/>
        <line num="153" count="54" type="stmt"/>
        <line num="154" count="54" type="stmt"/>
        <line num="155" count="54" type="stmt"/>
        <line num="156" count="54" type="stmt"/>
        <line num="157" count="54" type="cond" truecount="1" falsecount="0"/>
        <line num="158" count="54" type="stmt"/>
        <line num="159" count="54" type="cond" truecount="1" falsecount="0"/>
        <line num="160" count="54" type="stmt"/>
        <line num="162" count="54" type="stmt"/>
        <line num="163" count="54" type="stmt"/>
        <line num="164" count="54" type="stmt"/>
        <line num="165" count="54" type="stmt"/>
        <line num="166" count="54" type="stmt"/>
        <line num="167" count="54" type="stmt"/>
        <line num="168" count="54" type="cond" truecount="1" falsecount="0"/>
        <line num="169" count="54" type="stmt"/>
        <line num="170" count="54" type="cond" truecount="1" falsecount="0"/>
        <line num="171" count="54" type="stmt"/>
        <line num="173" count="54" type="stmt"/>
        <line num="174" count="54" type="stmt"/>
        <line num="175" count="54" type="stmt"/>
        <line num="176" count="54" type="stmt"/>
        <line num="177" count="54" type="stmt"/>
        <line num="178" count="54" type="stmt"/>
        <line num="179" count="54" type="cond" truecount="1" falsecount="0"/>
        <line num="180" count="54" type="stmt"/>
        <line num="181" count="54" type="cond" truecount="1" falsecount="0"/>
        <line num="182" count="54" type="stmt"/>
        <line num="184" count="54" type="stmt"/>
        <line num="185" count="54" type="stmt"/>
        <line num="186" count="54" type="stmt"/>
        <line num="187" count="54" type="stmt"/>
        <line num="188" count="54" type="stmt"/>
        <line num="189" count="54" type="stmt"/>
        <line num="190" count="54" type="stmt"/>
        <line num="191" count="54" type="stmt"/>
        <line num="193" count="54" type="stmt"/>
        <line num="194" count="54" type="stmt"/>
        <line num="195" count="54" type="stmt"/>
        <line num="196" count="54" type="stmt"/>
        <line num="198" count="54" type="stmt"/>
      </file>
    </package>
    <package name="todo-list.components.ui">
      <metrics statements="74" coveredstatements="74" conditionals="4" coveredconditionals="3" methods="1" coveredmethods="1"/>
      <file name="badge.tsx" path="D:\FE-Projects\todo-list\components\ui\badge.tsx">
        <metrics statements="27" coveredstatements="27" conditionals="1" coveredconditionals="1" methods="1" coveredmethods="1"/>
        <line num="1" count="1" type="stmt"/>
        <line num="6" count="1" type="stmt"/>
        <line num="7" count="1" type="stmt"/>
        <line num="8" count="1" type="stmt"/>
        <line num="9" count="1" type="stmt"/>
        <line num="10" count="1" type="stmt"/>
        <line num="11" count="1" type="stmt"/>
        <line num="12" count="1" type="stmt"/>
        <line num="13" count="1" type="stmt"/>
        <line num="14" count="1" type="stmt"/>
        <line num="15" count="1" type="stmt"/>
        <line num="16" count="1" type="stmt"/>
        <line num="17" count="1" type="stmt"/>
        <line num="18" count="1" type="stmt"/>
        <line num="19" count="1" type="stmt"/>
        <line num="20" count="1" type="stmt"/>
        <line num="21" count="1" type="stmt"/>
        <line num="22" count="1" type="stmt"/>
        <line num="23" count="1" type="stmt"/>
        <line num="24" count="1" type="stmt"/>
        <line num="30" count="54" type="cond" truecount="1" falsecount="0"/>
        <line num="31" count="54" type="stmt"/>
        <line num="32" count="54" type="stmt"/>
        <line num="33" count="54" type="stmt"/>
        <line num="34" count="54" type="stmt"/>
        <line num="35" count="54" type="stmt"/>
        <line num="37" count="54" type="stmt"/>
      </file>
      <file name="button.tsx" path="D:\FE-Projects\todo-list\components\ui\button.tsx">
        <metrics statements="33" coveredstatements="33" conditionals="2" coveredconditionals="1" methods="0" coveredmethods="0"/>
        <line num="1" count="1" type="stmt"/>
        <line num="9" count="1" type="stmt"/>
        <line num="10" count="1" type="stmt"/>
        <line num="11" count="1" type="stmt"/>
        <line num="12" count="1" type="stmt"/>
        <line num="13" count="1" type="stmt"/>
        <line num="14" count="1" type="stmt"/>
        <line num="15" count="1" type="stmt"/>
        <line num="16" count="1" type="stmt"/>
        <line num="17" count="1" type="stmt"/>
        <line num="18" count="1" type="stmt"/>
        <line num="19" count="1" type="stmt"/>
        <line num="20" count="1" type="stmt"/>
        <line num="21" count="1" type="stmt"/>
        <line num="22" count="1" type="stmt"/>
        <line num="23" count="1" type="stmt"/>
        <line num="24" count="1" type="stmt"/>
        <line num="25" count="1" type="stmt"/>
        <line num="26" count="1" type="stmt"/>
        <line num="27" count="1" type="stmt"/>
        <line num="28" count="1" type="stmt"/>
        <line num="29" count="1" type="stmt"/>
        <line num="30" count="1" type="stmt"/>
        <line num="31" count="1" type="stmt"/>
        <line num="32" count="1" type="stmt"/>
        <line num="33" count="1" type="stmt"/>
        <line num="41" count="1" type="stmt"/>
        <line num="42" count="1" type="cond" truecount="1" falsecount="0"/>
        <line num="43" count="494" type="cond" truecount="0" falsecount="1"/>
        <line num="44" count="494" type="stmt"/>
        <line num="45" count="494" type="stmt"/>
        <line num="46" count="1" type="stmt"/>
        <line num="47" count="1" type="stmt"/>
      </file>
      <file name="input.tsx" path="D:\FE-Projects\todo-list\components\ui\input.tsx">
        <metrics statements="14" coveredstatements="14" conditionals="1" coveredconditionals="1" methods="0" coveredmethods="0"/>
        <line num="1" count="1" type="stmt"/>
        <line num="7" count="1" type="cond" truecount="1" falsecount="0"/>
        <line num="8" count="113" type="stmt"/>
        <line num="9" count="113" type="stmt"/>
        <line num="10" count="113" type="stmt"/>
        <line num="11" count="113" type="stmt"/>
        <line num="12" count="113" type="stmt"/>
        <line num="13" count="113" type="stmt"/>
        <line num="14" count="113" type="stmt"/>
        <line num="15" count="113" type="stmt"/>
        <line num="16" count="113" type="stmt"/>
        <line num="17" count="113" type="stmt"/>
        <line num="19" count="113" type="stmt"/>
        <line num="20" count="1" type="stmt"/>
      </file>
    </package>
    <package name="todo-list.components.welcome">
      <metrics statements="79" coveredstatements="0" conditionals="1" coveredconditionals="0" methods="1" coveredmethods="0"/>
      <file name="welcome.tsx" path="D:\FE-Projects\todo-list\components\welcome\welcome.tsx">
        <metrics statements="79" coveredstatements="0" conditionals="1" coveredconditionals="0" methods="1" coveredmethods="0"/>
        <line num="1" count="0" type="cond" truecount="0" falsecount="1"/>
        <line num="4" count="0" type="stmt"/>
        <line num="5" count="0" type="stmt"/>
        <line num="6" count="0" type="stmt"/>
        <line num="7" count="0" type="stmt"/>
        <line num="8" count="0" type="stmt"/>
        <line num="9" count="0" type="stmt"/>
        <line num="10" count="0" type="stmt"/>
        <line num="11" count="0" type="stmt"/>
        <line num="12" count="0" type="stmt"/>
        <line num="13" count="0" type="stmt"/>
        <line num="14" count="0" type="stmt"/>
        <line num="15" count="0" type="stmt"/>
        <line num="16" count="0" type="stmt"/>
        <line num="17" count="0" type="stmt"/>
        <line num="18" count="0" type="stmt"/>
        <line num="19" count="0" type="stmt"/>
        <line num="20" count="0" type="stmt"/>
        <line num="21" count="0" type="stmt"/>
        <line num="22" count="0" type="stmt"/>
        <line num="23" count="0" type="stmt"/>
        <line num="24" count="0" type="stmt"/>
        <line num="26" count="0" type="stmt"/>
        <line num="27" count="0" type="stmt"/>
        <line num="28" count="0" type="stmt"/>
        <line num="29" count="0" type="stmt"/>
        <line num="30" count="0" type="stmt"/>
        <line num="31" count="0" type="stmt"/>
        <line num="32" count="0" type="stmt"/>
        <line num="33" count="0" type="stmt"/>
        <line num="34" count="0" type="stmt"/>
        <line num="36" count="0" type="stmt"/>
        <line num="37" count="0" type="stmt"/>
        <line num="38" count="0" type="stmt"/>
        <line num="39" count="0" type="stmt"/>
        <line num="40" count="0" type="stmt"/>
        <line num="41" count="0" type="stmt"/>
        <line num="42" count="0" type="stmt"/>
        <line num="43" count="0" type="stmt"/>
        <line num="44" count="0" type="stmt"/>
        <line num="45" count="0" type="stmt"/>
        <line num="47" count="0" type="stmt"/>
        <line num="49" count="0" type="stmt"/>
        <line num="50" count="0" type="stmt"/>
        <line num="51" count="0" type="stmt"/>
        <line num="52" count="0" type="stmt"/>
        <line num="53" count="0" type="stmt"/>
        <line num="54" count="0" type="stmt"/>
        <line num="55" count="0" type="stmt"/>
        <line num="56" count="0" type="stmt"/>
        <line num="57" count="0" type="stmt"/>
        <line num="58" count="0" type="stmt"/>
        <line num="59" count="0" type="stmt"/>
        <line num="60" count="0" type="stmt"/>
        <line num="62" count="0" type="stmt"/>
        <line num="63" count="0" type="stmt"/>
        <line num="64" count="0" type="stmt"/>
        <line num="65" count="0" type="stmt"/>
        <line num="66" count="0" type="stmt"/>
        <line num="67" count="0" type="stmt"/>
        <line num="69" count="0" type="stmt"/>
        <line num="70" count="0" type="stmt"/>
        <line num="71" count="0" type="stmt"/>
        <line num="72" count="0" type="stmt"/>
        <line num="73" count="0" type="stmt"/>
        <line num="74" count="0" type="stmt"/>
        <line num="75" count="0" type="stmt"/>
        <line num="76" count="0" type="stmt"/>
        <line num="77" count="0" type="stmt"/>
        <line num="78" count="0" type="stmt"/>
        <line num="79" count="0" type="stmt"/>
        <line num="80" count="0" type="stmt"/>
        <line num="82" count="0" type="stmt"/>
        <line num="83" count="0" type="stmt"/>
        <line num="84" count="0" type="stmt"/>
        <line num="85" count="0" type="stmt"/>
        <line num="86" count="0" type="stmt"/>
        <line num="88" count="0" type="stmt"/>
        <line num="89" count="0" type="stmt"/>
      </file>
    </package>
    <package name="todo-list.lib">
      <metrics statements="10" coveredstatements="8" conditionals="3" coveredconditionals="2" methods="2" coveredmethods="2"/>
      <file name="utils.ts" path="D:\FE-Projects\todo-list\lib\utils.ts">
        <metrics statements="10" coveredstatements="8" conditionals="3" coveredconditionals="2" methods="2" coveredmethods="2"/>
        <line num="1" count="1" type="stmt"/>
        <line num="4" count="1" type="cond" truecount="1" falsecount="0"/>
        <line num="5" count="960" type="stmt"/>
        <line num="6" count="960" type="stmt"/>
        <line num="8" count="1" type="cond" truecount="1" falsecount="0"/>
        <line num="9" count="2" type="stmt"/>
        <line num="10" count="2" type="stmt"/>
        <line num="11" count="2" type="cond" truecount="0" falsecount="1"/>
        <line num="12" count="0" type="stmt"/>
        <line num="13" count="0" type="stmt"/>
      </file>
    </package>
  </project>
</coverage>
