{"D:\\FE-Projects\\todo-list\\react-router.config.ts": {"path":"D:\\FE-Projects\\todo-list\\react-router.config.ts","all":true,"statementMap":{"2":{"start":{"line":3,"column":0},"end":{"line":3,"column":16}},"5":{"start":{"line":6,"column":0},"end":{"line":6,"column":12}},"6":{"start":{"line":7,"column":0},"end":{"line":7,"column":19}}},"s":{"2":0,"5":0,"6":0},"branchMap":{"0":{"type":"branch","line":1,"loc":{"start":{"line":1,"column":204},"end":{"line":7,"column":19}},"locations":[{"start":{"line":1,"column":204},"end":{"line":7,"column":19}}]}},"b":{"0":[1]},"fnMap":{"0":{"name":"(empty-report)","decl":{"start":{"line":1,"column":204},"end":{"line":7,"column":19}},"loc":{"start":{"line":1,"column":204},"end":{"line":7,"column":19}},"line":1}},"f":{"0":1}}
,"D:\\FE-Projects\\todo-list\\taildwind.config.js": {"path":"D:\\FE-Projects\\todo-list\\taildwind.config.js","all":true,"statementMap":{"0":{"start":{"line":1,"column":0},"end":{"line":1,"column":43}},"1":{"start":{"line":2,"column":0},"end":{"line":2,"column":18}},"2":{"start":{"line":3,"column":0},"end":{"line":3,"column":22}},"3":{"start":{"line":4,"column":0},"end":{"line":4,"column":12}},"4":{"start":{"line":5,"column":0},"end":{"line":5,"column":28}},"5":{"start":{"line":6,"column":0},"end":{"line":6,"column":33}},"6":{"start":{"line":7,"column":0},"end":{"line":7,"column":26}},"7":{"start":{"line":8,"column":0},"end":{"line":8,"column":26}},"8":{"start":{"line":9,"column":0},"end":{"line":9,"column":30}},"9":{"start":{"line":10,"column":0},"end":{"line":10,"column":28}},"10":{"start":{"line":11,"column":0},"end":{"line":11,"column":4}},"11":{"start":{"line":12,"column":0},"end":{"line":12,"column":10}},"12":{"start":{"line":13,"column":0},"end":{"line":13,"column":16}},"13":{"start":{"line":14,"column":0},"end":{"line":14,"column":19}},"14":{"start":{"line":15,"column":0},"end":{"line":15,"column":22}},"15":{"start":{"line":16,"column":0},"end":{"line":16,"column":16}},"16":{"start":{"line":17,"column":0},"end":{"line":17,"column":24}},"17":{"start":{"line":18,"column":0},"end":{"line":18,"column":8}},"18":{"start":{"line":19,"column":0},"end":{"line":19,"column":6}},"19":{"start":{"line":20,"column":0},"end":{"line":20,"column":13}},"20":{"start":{"line":21,"column":0},"end":{"line":21,"column":15}},"21":{"start":{"line":22,"column":0},"end":{"line":22,"column":37}},"22":{"start":{"line":23,"column":0},"end":{"line":23,"column":35}},"23":{"start":{"line":24,"column":0},"end":{"line":24,"column":33}},"24":{"start":{"line":25,"column":0},"end":{"line":25,"column":45}},"25":{"start":{"line":26,"column":0},"end":{"line":26,"column":45}},"26":{"start":{"line":27,"column":0},"end":{"line":27,"column":18}},"27":{"start":{"line":28,"column":0},"end":{"line":28,"column":41}},"28":{"start":{"line":29,"column":0},"end":{"line":29,"column":55}},"29":{"start":{"line":30,"column":0},"end":{"line":30,"column":10}},"30":{"start":{"line":31,"column":0},"end":{"line":31,"column":20}},"31":{"start":{"line":32,"column":0},"end":{"line":32,"column":43}},"32":{"start":{"line":33,"column":0},"end":{"line":33,"column":57}},"33":{"start":{"line":34,"column":0},"end":{"line":34,"column":10}},"34":{"start":{"line":35,"column":0},"end":{"line":35,"column":22}},"35":{"start":{"line":36,"column":0},"end":{"line":36,"column":45}},"36":{"start":{"line":37,"column":0},"end":{"line":37,"column":59}},"37":{"start":{"line":38,"column":0},"end":{"line":38,"column":10}},"38":{"start":{"line":39,"column":0},"end":{"line":39,"column":16}},"39":{"start":{"line":40,"column":0},"end":{"line":40,"column":39}},"40":{"start":{"line":41,"column":0},"end":{"line":41,"column":53}},"41":{"start":{"line":42,"column":0},"end":{"line":42,"column":10}},"42":{"start":{"line":43,"column":0},"end":{"line":43,"column":17}},"43":{"start":{"line":44,"column":0},"end":{"line":44,"column":40}},"44":{"start":{"line":45,"column":0},"end":{"line":45,"column":54}},"45":{"start":{"line":46,"column":0},"end":{"line":46,"column":10}},"46":{"start":{"line":47,"column":0},"end":{"line":47,"column":18}},"47":{"start":{"line":48,"column":0},"end":{"line":48,"column":41}},"48":{"start":{"line":49,"column":0},"end":{"line":49,"column":55}},"49":{"start":{"line":50,"column":0},"end":{"line":50,"column":10}},"50":{"start":{"line":51,"column":0},"end":{"line":51,"column":15}},"51":{"start":{"line":52,"column":0},"end":{"line":52,"column":38}},"52":{"start":{"line":53,"column":0},"end":{"line":53,"column":52}},"53":{"start":{"line":54,"column":0},"end":{"line":54,"column":10}},"54":{"start":{"line":55,"column":0},"end":{"line":55,"column":8}},"55":{"start":{"line":56,"column":0},"end":{"line":56,"column":21}},"56":{"start":{"line":57,"column":0},"end":{"line":57,"column":28}},"57":{"start":{"line":58,"column":0},"end":{"line":58,"column":40}},"58":{"start":{"line":59,"column":0},"end":{"line":59,"column":40}},"59":{"start":{"line":60,"column":0},"end":{"line":60,"column":8}},"60":{"start":{"line":61,"column":0},"end":{"line":61,"column":18}},"61":{"start":{"line":62,"column":0},"end":{"line":62,"column":27}},"62":{"start":{"line":63,"column":0},"end":{"line":63,"column":30}},"63":{"start":{"line":64,"column":0},"end":{"line":64,"column":66}},"64":{"start":{"line":65,"column":0},"end":{"line":65,"column":10}},"65":{"start":{"line":66,"column":0},"end":{"line":66,"column":25}},"66":{"start":{"line":67,"column":0},"end":{"line":67,"column":68}},"67":{"start":{"line":68,"column":0},"end":{"line":68,"column":28}},"68":{"start":{"line":69,"column":0},"end":{"line":69,"column":10}},"69":{"start":{"line":70,"column":0},"end":{"line":70,"column":8}},"70":{"start":{"line":71,"column":0},"end":{"line":71,"column":18}},"71":{"start":{"line":72,"column":0},"end":{"line":72,"column":57}},"72":{"start":{"line":73,"column":0},"end":{"line":73,"column":53}},"73":{"start":{"line":74,"column":0},"end":{"line":74,"column":8}},"74":{"start":{"line":75,"column":0},"end":{"line":75,"column":6}},"75":{"start":{"line":76,"column":0},"end":{"line":76,"column":4}},"76":{"start":{"line":77,"column":0},"end":{"line":77,"column":44}},"77":{"start":{"line":78,"column":0},"end":{"line":78,"column":1}}},"s":{"0":0,"1":0,"2":0,"3":0,"4":0,"5":0,"6":0,"7":0,"8":0,"9":0,"10":0,"11":0,"12":0,"13":0,"14":0,"15":0,"16":0,"17":0,"18":0,"19":0,"20":0,"21":0,"22":0,"23":0,"24":0,"25":0,"26":0,"27":0,"28":0,"29":0,"30":0,"31":0,"32":0,"33":0,"34":0,"35":0,"36":0,"37":0,"38":0,"39":0,"40":0,"41":0,"42":0,"43":0,"44":0,"45":0,"46":0,"47":0,"48":0,"49":0,"50":0,"51":0,"52":0,"53":0,"54":0,"55":0,"56":0,"57":0,"58":0,"59":0,"60":0,"61":0,"62":0,"63":0,"64":0,"65":0,"66":0,"67":0,"68":0,"69":0,"70":0,"71":0,"72":0,"73":0,"74":0,"75":0,"76":0,"77":0},"branchMap":{"0":{"type":"branch","line":1,"loc":{"start":{"line":1,"column":2262},"end":{"line":78,"column":1}},"locations":[{"start":{"line":1,"column":2262},"end":{"line":78,"column":1}}]}},"b":{"0":[0]},"fnMap":{"0":{"name":"(empty-report)","decl":{"start":{"line":1,"column":2262},"end":{"line":78,"column":1}},"loc":{"start":{"line":1,"column":2262},"end":{"line":78,"column":1}},"line":1}},"f":{"0":0}}
,"D:\\FE-Projects\\todo-list\\app\\root.tsx": {"path":"D:\\FE-Projects\\todo-list\\app\\root.tsx","all":true,"statementMap":{"0":{"start":{"line":1,"column":0},"end":{"line":1,"column":8}},"12":{"start":{"line":13,"column":0},"end":{"line":13,"column":43}},"13":{"start":{"line":14,"column":0},"end":{"line":14,"column":62}},"14":{"start":{"line":15,"column":0},"end":{"line":15,"column":3}},"15":{"start":{"line":16,"column":0},"end":{"line":16,"column":22}},"16":{"start":{"line":17,"column":0},"end":{"line":17,"column":38}},"17":{"start":{"line":18,"column":0},"end":{"line":18,"column":29}},"18":{"start":{"line":19,"column":0},"end":{"line":19,"column":4}},"19":{"start":{"line":20,"column":0},"end":{"line":20,"column":3}},"20":{"start":{"line":21,"column":0},"end":{"line":21,"column":22}},"21":{"start":{"line":22,"column":0},"end":{"line":22,"column":123}},"22":{"start":{"line":23,"column":0},"end":{"line":23,"column":4}},"23":{"start":{"line":24,"column":0},"end":{"line":24,"column":2}},"25":{"start":{"line":26,"column":0},"end":{"line":26,"column":69}},"26":{"start":{"line":27,"column":0},"end":{"line":27,"column":10}},"27":{"start":{"line":28,"column":0},"end":{"line":28,"column":20}},"28":{"start":{"line":29,"column":0},"end":{"line":29,"column":12}},"29":{"start":{"line":30,"column":0},"end":{"line":30,"column":32}},"30":{"start":{"line":31,"column":0},"end":{"line":31,"column":13}},"31":{"start":{"line":32,"column":0},"end":{"line":32,"column":25}},"32":{"start":{"line":33,"column":0},"end":{"line":33,"column":55}},"33":{"start":{"line":34,"column":0},"end":{"line":34,"column":10}},"34":{"start":{"line":35,"column":0},"end":{"line":35,"column":16}},"35":{"start":{"line":36,"column":0},"end":{"line":36,"column":17}},"36":{"start":{"line":37,"column":0},"end":{"line":37,"column":13}},"37":{"start":{"line":38,"column":0},"end":{"line":38,"column":12}},"38":{"start":{"line":39,"column":0},"end":{"line":39,"column":18}},"39":{"start":{"line":40,"column":0},"end":{"line":40,"column":29}},"40":{"start":{"line":41,"column":0},"end":{"line":41,"column":19}},"41":{"start":{"line":42,"column":0},"end":{"line":42,"column":13}},"42":{"start":{"line":43,"column":0},"end":{"line":43,"column":11}},"44":{"start":{"line":45,"column":0},"end":{"line":45,"column":1}},"46":{"start":{"line":47,"column":0},"end":{"line":47,"column":31}},"47":{"start":{"line":48,"column":0},"end":{"line":48,"column":20}},"48":{"start":{"line":49,"column":0},"end":{"line":49,"column":1}},"50":{"start":{"line":51,"column":0},"end":{"line":51,"column":62}},"51":{"start":{"line":52,"column":0},"end":{"line":52,"column":24}},"52":{"start":{"line":53,"column":0},"end":{"line":53,"column":48}},"53":{"start":{"line":54,"column":0},"end":{"line":54,"column":32}},"55":{"start":{"line":56,"column":0},"end":{"line":56,"column":36}},"56":{"start":{"line":57,"column":0},"end":{"line":57,"column":53}},"57":{"start":{"line":58,"column":0},"end":{"line":58,"column":13}},"58":{"start":{"line":59,"column":0},"end":{"line":59,"column":26}},"59":{"start":{"line":60,"column":0},"end":{"line":60,"column":50}},"60":{"start":{"line":61,"column":0},"end":{"line":61,"column":38}},"61":{"start":{"line":62,"column":0},"end":{"line":62,"column":70}},"62":{"start":{"line":63,"column":0},"end":{"line":63,"column":28}},"63":{"start":{"line":64,"column":0},"end":{"line":64,"column":24}},"64":{"start":{"line":65,"column":0},"end":{"line":65,"column":3}},"66":{"start":{"line":67,"column":0},"end":{"line":67,"column":10}},"67":{"start":{"line":68,"column":0},"end":{"line":68,"column":50}},"68":{"start":{"line":69,"column":0},"end":{"line":69,"column":24}},"69":{"start":{"line":70,"column":0},"end":{"line":70,"column":22}},"70":{"start":{"line":71,"column":0},"end":{"line":71,"column":17}},"71":{"start":{"line":72,"column":0},"end":{"line":72,"column":52}},"72":{"start":{"line":73,"column":0},"end":{"line":73,"column":30}},"73":{"start":{"line":74,"column":0},"end":{"line":74,"column":14}},"75":{"start":{"line":76,"column":0},"end":{"line":76,"column":11}},"77":{"start":{"line":78,"column":0},"end":{"line":78,"column":1}}},"s":{"0":0,"12":0,"13":0,"14":0,"15":0,"16":0,"17":0,"18":0,"19":0,"20":0,"21":0,"22":0,"23":0,"25":0,"26":0,"27":0,"28":0,"29":0,"30":0,"31":0,"32":0,"33":0,"34":0,"35":0,"36":0,"37":0,"38":0,"39":0,"40":0,"41":0,"42":0,"44":0,"46":0,"47":0,"48":0,"50":0,"51":0,"52":0,"53":0,"55":0,"56":0,"57":0,"58":0,"59":0,"60":0,"61":0,"62":0,"63":0,"64":0,"66":0,"67":0,"68":0,"69":0,"70":0,"71":0,"72":0,"73":0,"75":0,"77":0},"branchMap":{"0":{"type":"branch","line":1,"loc":{"start":{"line":1,"column":0},"end":{"line":78,"column":-988}},"locations":[{"start":{"line":1,"column":0},"end":{"line":78,"column":-988}}]}},"b":{"0":[0]},"fnMap":{"0":{"name":"(empty-report)","decl":{"start":{"line":1,"column":0},"end":{"line":78,"column":-988}},"loc":{"start":{"line":1,"column":0},"end":{"line":78,"column":-988}},"line":1}},"f":{"0":0}}
,"D:\\FE-Projects\\todo-list\\app\\routes.ts": {"path":"D:\\FE-Projects\\todo-list\\app\\routes.ts","all":true,"statementMap":{"0":{"start":{"line":1,"column":0},"end":{"line":1,"column":74}},"2":{"start":{"line":3,"column":0},"end":{"line":3,"column":16}},"3":{"start":{"line":4,"column":0},"end":{"line":4,"column":29}},"4":{"start":{"line":5,"column":0},"end":{"line":5,"column":37}},"5":{"start":{"line":6,"column":0},"end":{"line":6,"column":26}}},"s":{"0":0,"2":0,"3":0,"4":0,"5":0},"branchMap":{"0":{"type":"branch","line":1,"loc":{"start":{"line":1,"column":0},"end":{"line":6,"column":-41}},"locations":[{"start":{"line":1,"column":0},"end":{"line":6,"column":-41}}]}},"b":{"0":[0]},"fnMap":{"0":{"name":"(empty-report)","decl":{"start":{"line":1,"column":0},"end":{"line":6,"column":-41}},"loc":{"start":{"line":1,"column":0},"end":{"line":6,"column":-41}},"line":1}},"f":{"0":0}}
,"D:\\FE-Projects\\todo-list\\app\\routes\\home.tsx": {"path":"D:\\FE-Projects\\todo-list\\app\\routes\\home.tsx","all":true,"statementMap":{"0":{"start":{"line":1,"column":0},"end":{"line":1,"column":0}},"4":{"start":{"line":5,"column":0},"end":{"line":5,"column":36}},"5":{"start":{"line":6,"column":0},"end":{"line":6,"column":10}},"6":{"start":{"line":7,"column":0},"end":{"line":7,"column":38}},"7":{"start":{"line":8,"column":0},"end":{"line":8,"column":65}},"8":{"start":{"line":9,"column":0},"end":{"line":9,"column":4}},"9":{"start":{"line":10,"column":0},"end":{"line":10,"column":1}},"11":{"start":{"line":12,"column":0},"end":{"line":12,"column":32}},"12":{"start":{"line":13,"column":0},"end":{"line":13,"column":21}},"13":{"start":{"line":14,"column":0},"end":{"line":14,"column":1}}},"s":{"0":0,"4":0,"5":0,"6":0,"7":0,"8":0,"9":0,"11":0,"12":0,"13":0},"branchMap":{"0":{"type":"branch","line":1,"loc":{"start":{"line":1,"column":0},"end":{"line":14,"column":-102}},"locations":[{"start":{"line":1,"column":0},"end":{"line":14,"column":-102}}]}},"b":{"0":[0]},"fnMap":{"0":{"name":"(empty-report)","decl":{"start":{"line":1,"column":0},"end":{"line":14,"column":-102}},"loc":{"start":{"line":1,"column":0},"end":{"line":14,"column":-102}},"line":1}},"f":{"0":0}}
,"D:\\FE-Projects\\todo-list\\app\\routes\\todo.tsx": {"path":"D:\\FE-Projects\\todo-list\\app\\routes\\todo.tsx","all":true,"statementMap":{"0":{"start":{"line":1,"column":0},"end":{"line":1,"column":45}},"3":{"start":{"line":4,"column":0},"end":{"line":4,"column":36}},"4":{"start":{"line":5,"column":0},"end":{"line":5,"column":10}},"5":{"start":{"line":6,"column":0},"end":{"line":6,"column":27}},"6":{"start":{"line":7,"column":0},"end":{"line":7,"column":79}},"7":{"start":{"line":8,"column":0},"end":{"line":8,"column":4}},"8":{"start":{"line":9,"column":0},"end":{"line":9,"column":1}},"10":{"start":{"line":11,"column":0},"end":{"line":11,"column":32}},"11":{"start":{"line":12,"column":0},"end":{"line":12,"column":22}},"12":{"start":{"line":13,"column":0},"end":{"line":13,"column":1}}},"s":{"0":0,"3":0,"4":0,"5":0,"6":0,"7":0,"8":0,"10":0,"11":0,"12":0},"branchMap":{"0":{"type":"branch","line":1,"loc":{"start":{"line":1,"column":0},"end":{"line":13,"column":-73}},"locations":[{"start":{"line":1,"column":0},"end":{"line":13,"column":-73}}]}},"b":{"0":[0]},"fnMap":{"0":{"name":"(empty-report)","decl":{"start":{"line":1,"column":0},"end":{"line":13,"column":-73}},"loc":{"start":{"line":1,"column":0},"end":{"line":13,"column":-73}},"line":1}},"f":{"0":0}}
,"D:\\FE-Projects\\todo-list\\components\\todo-item\\todo-item.tsx": {"path":"D:\\FE-Projects\\todo-list\\components\\todo-item\\todo-item.tsx","all":false,"statementMap":{"0":{"start":{"line":1,"column":0},"end":{"line":1,"column":52}},"19":{"start":{"line":20,"column":0},"end":{"line":20,"column":79}},"20":{"start":{"line":21,"column":0},"end":{"line":21,"column":52}},"21":{"start":{"line":22,"column":0},"end":{"line":22,"column":54}},"22":{"start":{"line":23,"column":0},"end":{"line":23,"column":50}},"24":{"start":{"line":25,"column":0},"end":{"line":25,"column":19}},"25":{"start":{"line":26,"column":0},"end":{"line":26,"column":40}},"26":{"start":{"line":27,"column":0},"end":{"line":27,"column":31}},"27":{"start":{"line":28,"column":0},"end":{"line":28,"column":5}},"28":{"start":{"line":29,"column":0},"end":{"line":29,"column":18}},"30":{"start":{"line":31,"column":0},"end":{"line":31,"column":28}},"31":{"start":{"line":32,"column":0},"end":{"line":32,"column":23}},"32":{"start":{"line":33,"column":0},"end":{"line":33,"column":27}},"33":{"start":{"line":34,"column":0},"end":{"line":34,"column":4}},"35":{"start":{"line":36,"column":0},"end":{"line":36,"column":28}},"36":{"start":{"line":37,"column":0},"end":{"line":37,"column":33}},"37":{"start":{"line":38,"column":0},"end":{"line":38,"column":39}},"38":{"start":{"line":39,"column":0},"end":{"line":39,"column":26}},"39":{"start":{"line":40,"column":0},"end":{"line":40,"column":5}},"40":{"start":{"line":41,"column":0},"end":{"line":41,"column":4}},"42":{"start":{"line":43,"column":0},"end":{"line":43,"column":53}},"43":{"start":{"line":44,"column":0},"end":{"line":44,"column":28}},"44":{"start":{"line":45,"column":0},"end":{"line":45,"column":19}},"45":{"start":{"line":46,"column":0},"end":{"line":46,"column":36}},"46":{"start":{"line":47,"column":0},"end":{"line":47,"column":26}},"47":{"start":{"line":48,"column":0},"end":{"line":48,"column":29}},"48":{"start":{"line":49,"column":0},"end":{"line":49,"column":5}},"49":{"start":{"line":50,"column":0},"end":{"line":50,"column":4}},"51":{"start":{"line":52,"column":0},"end":{"line":52,"column":10}},"52":{"start":{"line":53,"column":0},"end":{"line":53,"column":15}},"53":{"start":{"line":54,"column":0},"end":{"line":54,"column":19}},"54":{"start":{"line":55,"column":0},"end":{"line":55,"column":41}},"55":{"start":{"line":56,"column":0},"end":{"line":56,"column":46}},"56":{"start":{"line":57,"column":0},"end":{"line":57,"column":38}},"57":{"start":{"line":58,"column":0},"end":{"line":58,"column":36}},"58":{"start":{"line":59,"column":0},"end":{"line":59,"column":51}},"60":{"start":{"line":61,"column":0},"end":{"line":61,"column":13}},"61":{"start":{"line":62,"column":0},"end":{"line":62,"column":19}},"62":{"start":{"line":63,"column":0},"end":{"line":63,"column":25}},"63":{"start":{"line":64,"column":0},"end":{"line":64,"column":22}},"64":{"start":{"line":65,"column":0},"end":{"line":65,"column":46}},"65":{"start":{"line":66,"column":0},"end":{"line":66,"column":24}},"66":{"start":{"line":67,"column":0},"end":{"line":67,"column":81}},"67":{"start":{"line":68,"column":0},"end":{"line":68,"column":53}},"68":{"start":{"line":69,"column":0},"end":{"line":69,"column":10}},"69":{"start":{"line":70,"column":0},"end":{"line":70,"column":41}},"70":{"start":{"line":71,"column":0},"end":{"line":71,"column":28}},"72":{"start":{"line":73,"column":0},"end":{"line":73,"column":68}},"73":{"start":{"line":74,"column":0},"end":{"line":74,"column":15}},"75":{"start":{"line":76,"column":0},"end":{"line":76,"column":20}},"76":{"start":{"line":77,"column":0},"end":{"line":77,"column":14}},"77":{"start":{"line":78,"column":0},"end":{"line":78,"column":24}},"78":{"start":{"line":79,"column":0},"end":{"line":79,"column":21}},"79":{"start":{"line":80,"column":0},"end":{"line":80,"column":26}},"80":{"start":{"line":81,"column":0},"end":{"line":81,"column":55}},"81":{"start":{"line":82,"column":0},"end":{"line":82,"column":35}},"82":{"start":{"line":83,"column":0},"end":{"line":83,"column":29}},"83":{"start":{"line":84,"column":0},"end":{"line":84,"column":40}},"84":{"start":{"line":85,"column":0},"end":{"line":85,"column":10}},"86":{"start":{"line":87,"column":0},"end":{"line":87,"column":13}},"87":{"start":{"line":88,"column":0},"end":{"line":88,"column":24}},"88":{"start":{"line":89,"column":0},"end":{"line":89,"column":29}},"89":{"start":{"line":90,"column":0},"end":{"line":90,"column":29}},"90":{"start":{"line":91,"column":0},"end":{"line":91,"column":62}},"91":{"start":{"line":92,"column":0},"end":{"line":92,"column":12}},"92":{"start":{"line":93,"column":0},"end":{"line":93,"column":66}},"94":{"start":{"line":95,"column":0},"end":{"line":95,"column":21}},"95":{"start":{"line":96,"column":0},"end":{"line":96,"column":15}},"98":{"start":{"line":99,"column":0},"end":{"line":99,"column":34}},"99":{"start":{"line":100,"column":0},"end":{"line":100,"column":43}},"100":{"start":{"line":101,"column":0},"end":{"line":101,"column":17}},"101":{"start":{"line":102,"column":0},"end":{"line":102,"column":23}},"102":{"start":{"line":103,"column":0},"end":{"line":103,"column":27}},"103":{"start":{"line":104,"column":0},"end":{"line":104,"column":84}},"104":{"start":{"line":105,"column":0},"end":{"line":105,"column":32}},"106":{"start":{"line":107,"column":0},"end":{"line":107,"column":75}},"107":{"start":{"line":108,"column":0},"end":{"line":108,"column":19}},"109":{"start":{"line":110,"column":0},"end":{"line":110,"column":15}},"110":{"start":{"line":111,"column":0},"end":{"line":111,"column":21}},"111":{"start":{"line":112,"column":0},"end":{"line":112,"column":25}},"112":{"start":{"line":113,"column":0},"end":{"line":113,"column":82}},"113":{"start":{"line":114,"column":0},"end":{"line":114,"column":43}},"115":{"start":{"line":116,"column":0},"end":{"line":116,"column":73}},"116":{"start":{"line":117,"column":0},"end":{"line":117,"column":17}},"117":{"start":{"line":118,"column":0},"end":{"line":118,"column":12}},"118":{"start":{"line":119,"column":0},"end":{"line":119,"column":17}},"120":{"start":{"line":121,"column":0},"end":{"line":121,"column":1}}},"s":{"0":1,"19":1,"20":98,"21":98,"22":98,"24":98,"25":39,"26":7,"27":7,"28":98,"30":98,"31":7,"32":7,"33":7,"35":98,"36":4,"37":3,"38":3,"39":3,"40":4,"42":98,"43":51,"44":3,"45":51,"46":1,"47":1,"48":1,"49":51,"51":98,"52":98,"53":98,"54":98,"55":98,"56":98,"57":98,"58":98,"60":98,"61":98,"62":98,"63":98,"64":98,"65":98,"66":11,"67":87,"68":98,"69":98,"70":98,"72":98,"73":98,"75":98,"76":59,"77":59,"78":59,"79":59,"80":59,"81":59,"82":59,"83":59,"84":59,"86":39,"87":39,"88":39,"89":39,"90":11,"91":39,"92":39,"94":39,"95":39,"98":98,"99":98,"100":28,"101":28,"102":28,"103":28,"104":28,"106":28,"107":28,"109":98,"110":98,"111":98,"112":98,"113":98,"115":98,"116":98,"117":98,"118":98,"120":98},"branchMap":{"0":{"type":"branch","line":20,"loc":{"start":{"line":20,"column":7},"end":{"line":121,"column":1}},"locations":[{"start":{"line":20,"column":7},"end":{"line":121,"column":1}}]},"1":{"type":"branch","line":66,"loc":{"start":{"line":66,"column":15},"end":{"line":67,"column":81}},"locations":[{"start":{"line":66,"column":15},"end":{"line":67,"column":81}}]},"2":{"type":"branch","line":67,"loc":{"start":{"line":67,"column":14},"end":{"line":68,"column":53}},"locations":[{"start":{"line":67,"column":14},"end":{"line":68,"column":53}}]},"3":{"type":"branch","line":73,"loc":{"start":{"line":73,"column":14},"end":{"line":73,"column":68}},"locations":[{"start":{"line":73,"column":14},"end":{"line":73,"column":68}}]},"4":{"type":"branch","line":76,"loc":{"start":{"line":76,"column":7},"end":{"line":85,"column":10}},"locations":[{"start":{"line":76,"column":7},"end":{"line":85,"column":10}}]},"5":{"type":"branch","line":85,"loc":{"start":{"line":85,"column":8},"end":{"line":96,"column":15}},"locations":[{"start":{"line":85,"column":8},"end":{"line":96,"column":15}}]},"6":{"type":"branch","line":90,"loc":{"start":{"line":90,"column":17},"end":{"line":91,"column":62}},"locations":[{"start":{"line":90,"column":17},"end":{"line":91,"column":62}}]},"7":{"type":"branch","line":93,"loc":{"start":{"line":93,"column":31},"end":{"line":93,"column":56}},"locations":[{"start":{"line":93,"column":31},"end":{"line":93,"column":56}}]},"8":{"type":"branch","line":93,"loc":{"start":{"line":93,"column":43},"end":{"line":93,"column":66}},"locations":[{"start":{"line":93,"column":43},"end":{"line":93,"column":66}}]},"9":{"type":"branch","line":100,"loc":{"start":{"line":100,"column":10},"end":{"line":100,"column":43}},"locations":[{"start":{"line":100,"column":10},"end":{"line":100,"column":43}}]},"10":{"type":"branch","line":100,"loc":{"start":{"line":100,"column":29},"end":{"line":108,"column":19}},"locations":[{"start":{"line":100,"column":29},"end":{"line":108,"column":19}}]},"11":{"type":"branch","line":25,"loc":{"start":{"line":25,"column":12},"end":{"line":29,"column":5}},"locations":[{"start":{"line":25,"column":12},"end":{"line":29,"column":5}}]},"12":{"type":"branch","line":26,"loc":{"start":{"line":26,"column":8},"end":{"line":26,"column":39}},"locations":[{"start":{"line":26,"column":8},"end":{"line":26,"column":39}}]},"13":{"type":"branch","line":26,"loc":{"start":{"line":26,"column":39},"end":{"line":28,"column":5}},"locations":[{"start":{"line":26,"column":39},"end":{"line":28,"column":5}}]},"14":{"type":"branch","line":31,"loc":{"start":{"line":31,"column":21},"end":{"line":34,"column":4}},"locations":[{"start":{"line":31,"column":21},"end":{"line":34,"column":4}}]},"15":{"type":"branch","line":36,"loc":{"start":{"line":36,"column":21},"end":{"line":41,"column":4}},"locations":[{"start":{"line":36,"column":21},"end":{"line":41,"column":4}}]},"16":{"type":"branch","line":37,"loc":{"start":{"line":37,"column":32},"end":{"line":40,"column":5}},"locations":[{"start":{"line":37,"column":32},"end":{"line":40,"column":5}}]},"17":{"type":"branch","line":43,"loc":{"start":{"line":43,"column":24},"end":{"line":50,"column":4}},"locations":[{"start":{"line":43,"column":24},"end":{"line":50,"column":4}}]},"18":{"type":"branch","line":44,"loc":{"start":{"line":44,"column":27},"end":{"line":46,"column":15}},"locations":[{"start":{"line":44,"column":27},"end":{"line":46,"column":15}}]},"19":{"type":"branch","line":46,"loc":{"start":{"line":46,"column":4},"end":{"line":49,"column":5}},"locations":[{"start":{"line":46,"column":4},"end":{"line":49,"column":5}}]},"20":{"type":"branch","line":46,"loc":{"start":{"line":46,"column":35},"end":{"line":49,"column":5}},"locations":[{"start":{"line":46,"column":35},"end":{"line":49,"column":5}}]},"21":{"type":"branch","line":70,"loc":{"start":{"line":70,"column":17},"end":{"line":70,"column":41}},"locations":[{"start":{"line":70,"column":17},"end":{"line":70,"column":41}}]},"22":{"type":"branch","line":81,"loc":{"start":{"line":81,"column":20},"end":{"line":81,"column":55}},"locations":[{"start":{"line":81,"column":20},"end":{"line":81,"column":55}}]},"23":{"type":"branch","line":114,"loc":{"start":{"line":114,"column":19},"end":{"line":114,"column":43}},"locations":[{"start":{"line":114,"column":19},"end":{"line":114,"column":43}}]}},"b":{"0":[98],"1":[11],"2":[87],"3":[11],"4":[59],"5":[39],"6":[11],"7":[28],"8":[11],"9":[39],"10":[28],"11":[39],"12":[7],"13":[7],"14":[7],"15":[4],"16":[3],"17":[51],"18":[3],"19":[48],"20":[1],"21":[2],"22":[52],"23":[2]},"fnMap":{"0":{"name":"TodoItem","decl":{"start":{"line":20,"column":7},"end":{"line":121,"column":1}},"loc":{"start":{"line":20,"column":7},"end":{"line":121,"column":1}},"line":20},"1":{"name":"handleEdit","decl":{"start":{"line":31,"column":21},"end":{"line":34,"column":4}},"loc":{"start":{"line":31,"column":21},"end":{"line":34,"column":4}},"line":31},"2":{"name":"handleSave","decl":{"start":{"line":36,"column":21},"end":{"line":41,"column":4}},"loc":{"start":{"line":36,"column":21},"end":{"line":41,"column":4}},"line":36},"3":{"name":"handleKeyDown","decl":{"start":{"line":43,"column":24},"end":{"line":50,"column":4}},"loc":{"start":{"line":43,"column":24},"end":{"line":50,"column":4}},"line":43},"4":{"name":"onClick","decl":{"start":{"line":70,"column":17},"end":{"line":70,"column":41}},"loc":{"start":{"line":70,"column":17},"end":{"line":70,"column":41}},"line":70},"5":{"name":"onChange","decl":{"start":{"line":81,"column":20},"end":{"line":81,"column":55}},"loc":{"start":{"line":81,"column":20},"end":{"line":81,"column":55}},"line":81},"6":{"name":"onClick","decl":{"start":{"line":114,"column":19},"end":{"line":114,"column":43}},"loc":{"start":{"line":114,"column":19},"end":{"line":114,"column":43}},"line":114}},"f":{"0":98,"1":7,"2":4,"3":51,"4":2,"5":52,"6":2}}
,"D:\\FE-Projects\\todo-list\\components\\todo-list\\todo-list.tsx": {"path":"D:\\FE-Projects\\todo-list\\components\\todo-list\\todo-list.tsx","all":false,"statementMap":{"0":{"start":{"line":1,"column":0},"end":{"line":1,"column":13}},"18":{"start":{"line":19,"column":0},"end":{"line":19,"column":36}},"19":{"start":{"line":20,"column":0},"end":{"line":20,"column":52}},"20":{"start":{"line":21,"column":0},"end":{"line":21,"column":40}},"21":{"start":{"line":22,"column":0},"end":{"line":22,"column":11}},"22":{"start":{"line":23,"column":0},"end":{"line":23,"column":52}},"23":{"start":{"line":24,"column":0},"end":{"line":24,"column":46}},"24":{"start":{"line":25,"column":0},"end":{"line":25,"column":23}},"25":{"start":{"line":26,"column":0},"end":{"line":26,"column":72}},"26":{"start":{"line":27,"column":0},"end":{"line":27,"column":18}},"27":{"start":{"line":28,"column":0},"end":{"line":28,"column":7}},"28":{"start":{"line":29,"column":0},"end":{"line":29,"column":5}},"29":{"start":{"line":30,"column":0},"end":{"line":30,"column":14}},"30":{"start":{"line":31,"column":0},"end":{"line":31,"column":5}},"31":{"start":{"line":32,"column":0},"end":{"line":32,"column":45}},"32":{"start":{"line":33,"column":0},"end":{"line":33,"column":78}},"35":{"start":{"line":36,"column":0},"end":{"line":36,"column":19}},"36":{"start":{"line":37,"column":0},"end":{"line":37,"column":57}},"37":{"start":{"line":38,"column":0},"end":{"line":38,"column":14}},"39":{"start":{"line":40,"column":0},"end":{"line":40,"column":25}},"40":{"start":{"line":41,"column":0},"end":{"line":41,"column":38}},"42":{"start":{"line":43,"column":0},"end":{"line":43,"column":14}},"43":{"start":{"line":44,"column":0},"end":{"line":44,"column":15}},"44":{"start":{"line":45,"column":0},"end":{"line":45,"column":7}},"45":{"start":{"line":46,"column":0},"end":{"line":46,"column":25}},"46":{"start":{"line":47,"column":0},"end":{"line":47,"column":29}},"47":{"start":{"line":48,"column":0},"end":{"line":48,"column":25}},"48":{"start":{"line":49,"column":0},"end":{"line":49,"column":30}},"49":{"start":{"line":50,"column":0},"end":{"line":50,"column":8}},"50":{"start":{"line":51,"column":0},"end":{"line":51,"column":7}},"51":{"start":{"line":52,"column":0},"end":{"line":52,"column":19}},"52":{"start":{"line":53,"column":0},"end":{"line":53,"column":4}},"54":{"start":{"line":55,"column":0},"end":{"line":55,"column":38}},"55":{"start":{"line":56,"column":0},"end":{"line":56,"column":13}},"56":{"start":{"line":57,"column":0},"end":{"line":57,"column":25}},"57":{"start":{"line":58,"column":0},"end":{"line":58,"column":72}},"58":{"start":{"line":59,"column":0},"end":{"line":59,"column":8}},"59":{"start":{"line":60,"column":0},"end":{"line":60,"column":6}},"60":{"start":{"line":61,"column":0},"end":{"line":61,"column":4}},"62":{"start":{"line":63,"column":0},"end":{"line":63,"column":38}},"63":{"start":{"line":64,"column":0},"end":{"line":64,"column":53}},"64":{"start":{"line":65,"column":0},"end":{"line":65,"column":4}},"66":{"start":{"line":67,"column":0},"end":{"line":67,"column":32}},"67":{"start":{"line":68,"column":0},"end":{"line":68,"column":54}},"68":{"start":{"line":69,"column":0},"end":{"line":69,"column":4}},"70":{"start":{"line":71,"column":0},"end":{"line":71,"column":50}},"71":{"start":{"line":72,"column":0},"end":{"line":72,"column":13}},"72":{"start":{"line":73,"column":0},"end":{"line":73,"column":71}},"73":{"start":{"line":74,"column":0},"end":{"line":74,"column":6}},"74":{"start":{"line":75,"column":0},"end":{"line":75,"column":3}},"76":{"start":{"line":77,"column":0},"end":{"line":77,"column":48}},"77":{"start":{"line":78,"column":0},"end":{"line":78,"column":52}},"78":{"start":{"line":79,"column":0},"end":{"line":79,"column":54}},"79":{"start":{"line":80,"column":0},"end":{"line":80,"column":16}},"80":{"start":{"line":81,"column":0},"end":{"line":81,"column":5}},"82":{"start":{"line":83,"column":0},"end":{"line":83,"column":74}},"84":{"start":{"line":85,"column":0},"end":{"line":85,"column":10}},"85":{"start":{"line":86,"column":0},"end":{"line":86,"column":45}},"86":{"start":{"line":87,"column":0},"end":{"line":87,"column":97}},"87":{"start":{"line":88,"column":0},"end":{"line":88,"column":74}},"89":{"start":{"line":90,"column":0},"end":{"line":90,"column":13}},"90":{"start":{"line":91,"column":0},"end":{"line":91,"column":36}},"91":{"start":{"line":92,"column":0},"end":{"line":92,"column":16}},"92":{"start":{"line":93,"column":0},"end":{"line":93,"column":23}},"93":{"start":{"line":94,"column":0},"end":{"line":94,"column":43}},"94":{"start":{"line":95,"column":0},"end":{"line":95,"column":27}},"95":{"start":{"line":96,"column":0},"end":{"line":96,"column":56}},"96":{"start":{"line":97,"column":0},"end":{"line":97,"column":31}},"97":{"start":{"line":98,"column":0},"end":{"line":98,"column":47}},"98":{"start":{"line":99,"column":0},"end":{"line":99,"column":14}},"99":{"start":{"line":100,"column":0},"end":{"line":100,"column":109}},"100":{"start":{"line":101,"column":0},"end":{"line":101,"column":12}},"101":{"start":{"line":102,"column":0},"end":{"line":102,"column":17}},"102":{"start":{"line":103,"column":0},"end":{"line":103,"column":29}},"103":{"start":{"line":104,"column":0},"end":{"line":104,"column":23}},"104":{"start":{"line":105,"column":0},"end":{"line":105,"column":88}},"106":{"start":{"line":107,"column":0},"end":{"line":107,"column":40}},"107":{"start":{"line":108,"column":0},"end":{"line":108,"column":19}},"108":{"start":{"line":109,"column":0},"end":{"line":109,"column":14}},"109":{"start":{"line":110,"column":0},"end":{"line":110,"column":12}},"111":{"start":{"line":112,"column":0},"end":{"line":112,"column":143}},"112":{"start":{"line":113,"column":0},"end":{"line":113,"column":71}},"113":{"start":{"line":114,"column":0},"end":{"line":114,"column":43}},"114":{"start":{"line":115,"column":0},"end":{"line":115,"column":41}},"115":{"start":{"line":116,"column":0},"end":{"line":116,"column":43}},"116":{"start":{"line":117,"column":0},"end":{"line":117,"column":25}},"117":{"start":{"line":118,"column":0},"end":{"line":118,"column":31}},"118":{"start":{"line":119,"column":0},"end":{"line":119,"column":29}},"119":{"start":{"line":120,"column":0},"end":{"line":120,"column":39}},"120":{"start":{"line":121,"column":0},"end":{"line":121,"column":39}},"121":{"start":{"line":122,"column":0},"end":{"line":122,"column":35}},"122":{"start":{"line":123,"column":0},"end":{"line":123,"column":18}},"123":{"start":{"line":124,"column":0},"end":{"line":124,"column":16}},"125":{"start":{"line":126,"column":0},"end":{"line":126,"column":25}},"126":{"start":{"line":127,"column":0},"end":{"line":127,"column":40}},"127":{"start":{"line":128,"column":0},"end":{"line":128,"column":40}},"128":{"start":{"line":129,"column":0},"end":{"line":129,"column":76}},"130":{"start":{"line":131,"column":0},"end":{"line":131,"column":33}},"131":{"start":{"line":132,"column":0},"end":{"line":132,"column":42}},"132":{"start":{"line":133,"column":0},"end":{"line":133,"column":39}},"133":{"start":{"line":134,"column":0},"end":{"line":134,"column":37}},"134":{"start":{"line":135,"column":0},"end":{"line":135,"column":41}},"135":{"start":{"line":136,"column":0},"end":{"line":136,"column":27}},"137":{"start":{"line":138,"column":0},"end":{"line":138,"column":28}},"138":{"start":{"line":139,"column":0},"end":{"line":139,"column":14}},"140":{"start":{"line":141,"column":0},"end":{"line":141,"column":132}},"141":{"start":{"line":142,"column":0},"end":{"line":142,"column":15}},"142":{"start":{"line":143,"column":0},"end":{"line":143,"column":18}},"143":{"start":{"line":144,"column":0},"end":{"line":144,"column":31}},"144":{"start":{"line":145,"column":0},"end":{"line":145,"column":37}},"146":{"start":{"line":147,"column":0},"end":{"line":147,"column":81}},"148":{"start":{"line":149,"column":0},"end":{"line":149,"column":20}},"149":{"start":{"line":150,"column":0},"end":{"line":150,"column":16}},"150":{"start":{"line":151,"column":0},"end":{"line":151,"column":38}},"151":{"start":{"line":152,"column":0},"end":{"line":152,"column":19}},"152":{"start":{"line":153,"column":0},"end":{"line":153,"column":29}},"153":{"start":{"line":154,"column":0},"end":{"line":154,"column":23}},"154":{"start":{"line":155,"column":0},"end":{"line":155,"column":28}},"155":{"start":{"line":156,"column":0},"end":{"line":156,"column":35}},"156":{"start":{"line":157,"column":0},"end":{"line":157,"column":67}},"157":{"start":{"line":158,"column":0},"end":{"line":158,"column":16}},"158":{"start":{"line":159,"column":0},"end":{"line":159,"column":46}},"159":{"start":{"line":160,"column":0},"end":{"line":160,"column":13}},"161":{"start":{"line":162,"column":0},"end":{"line":162,"column":21}},"162":{"start":{"line":163,"column":0},"end":{"line":163,"column":19}},"163":{"start":{"line":164,"column":0},"end":{"line":164,"column":29}},"164":{"start":{"line":165,"column":0},"end":{"line":165,"column":23}},"165":{"start":{"line":166,"column":0},"end":{"line":166,"column":28}},"166":{"start":{"line":167,"column":0},"end":{"line":167,"column":35}},"167":{"start":{"line":168,"column":0},"end":{"line":168,"column":70}},"168":{"start":{"line":169,"column":0},"end":{"line":169,"column":16}},"169":{"start":{"line":170,"column":0},"end":{"line":170,"column":49}},"170":{"start":{"line":171,"column":0},"end":{"line":171,"column":13}},"172":{"start":{"line":173,"column":0},"end":{"line":173,"column":21}},"173":{"start":{"line":174,"column":0},"end":{"line":174,"column":19}},"174":{"start":{"line":175,"column":0},"end":{"line":175,"column":29}},"175":{"start":{"line":176,"column":0},"end":{"line":176,"column":23}},"176":{"start":{"line":177,"column":0},"end":{"line":177,"column":28}},"177":{"start":{"line":178,"column":0},"end":{"line":178,"column":35}},"178":{"start":{"line":179,"column":0},"end":{"line":179,"column":73}},"179":{"start":{"line":180,"column":0},"end":{"line":180,"column":16}},"180":{"start":{"line":181,"column":0},"end":{"line":181,"column":52}},"181":{"start":{"line":182,"column":0},"end":{"line":182,"column":13}},"183":{"start":{"line":184,"column":0},"end":{"line":184,"column":21}},"184":{"start":{"line":185,"column":0},"end":{"line":185,"column":16}},"185":{"start":{"line":186,"column":0},"end":{"line":186,"column":17}},"186":{"start":{"line":187,"column":0},"end":{"line":187,"column":27}},"187":{"start":{"line":188,"column":0},"end":{"line":188,"column":21}},"188":{"start":{"line":189,"column":0},"end":{"line":189,"column":59}},"189":{"start":{"line":190,"column":0},"end":{"line":190,"column":36}},"190":{"start":{"line":191,"column":0},"end":{"line":191,"column":11}},"192":{"start":{"line":193,"column":0},"end":{"line":193,"column":19}},"193":{"start":{"line":194,"column":0},"end":{"line":194,"column":14}},"194":{"start":{"line":195,"column":0},"end":{"line":195,"column":12}},"195":{"start":{"line":196,"column":0},"end":{"line":196,"column":10}},"197":{"start":{"line":198,"column":0},"end":{"line":198,"column":1}}},"s":{"0":1,"18":54,"19":54,"20":13,"21":13,"22":13,"23":13,"24":13,"25":0,"26":0,"27":0,"28":13,"29":0,"30":54,"31":54,"32":54,"35":54,"36":19,"37":54,"39":54,"40":3,"42":2,"43":2,"44":2,"45":2,"46":2,"47":2,"48":2,"49":2,"50":2,"51":2,"52":3,"54":54,"55":1,"56":1,"57":1,"58":1,"59":1,"60":1,"62":54,"63":1,"64":1,"66":54,"67":1,"68":1,"70":54,"71":1,"72":1,"73":1,"74":1,"76":54,"77":28,"78":28,"79":21,"80":54,"82":54,"84":54,"85":54,"86":54,"87":54,"89":54,"90":54,"91":54,"92":54,"93":54,"94":54,"95":54,"96":54,"97":31,"98":31,"99":54,"100":54,"101":54,"102":54,"103":54,"104":54,"106":54,"107":54,"108":54,"109":54,"111":54,"112":54,"113":54,"114":54,"115":18,"116":24,"117":24,"118":24,"119":24,"120":24,"121":24,"122":24,"123":18,"125":36,"126":36,"127":36,"128":36,"130":36,"131":35,"132":1,"133":0,"134":1,"135":36,"137":54,"138":54,"140":54,"141":54,"142":54,"143":54,"144":54,"146":54,"148":54,"149":54,"150":54,"151":54,"152":54,"153":54,"154":54,"155":54,"156":54,"157":54,"158":54,"159":54,"161":54,"162":54,"163":54,"164":54,"165":54,"166":54,"167":54,"168":54,"169":54,"170":54,"172":54,"173":54,"174":54,"175":54,"176":54,"177":54,"178":54,"179":54,"180":54,"181":54,"183":54,"184":54,"185":54,"186":54,"187":54,"188":54,"189":54,"190":54,"192":54,"193":54,"194":54,"195":54,"197":54},"branchMap":{"0":{"type":"branch","line":19,"loc":{"start":{"line":19,"column":0},"end":{"line":198,"column":1}},"locations":[{"start":{"line":19,"column":0},"end":{"line":198,"column":1}}]},"1":{"type":"branch","line":115,"loc":{"start":{"line":115,"column":36},"end":{"line":124,"column":16}},"locations":[{"start":{"line":115,"column":36},"end":{"line":124,"column":16}}]},"2":{"type":"branch","line":124,"loc":{"start":{"line":124,"column":15},"end":{"line":136,"column":27}},"locations":[{"start":{"line":124,"column":15},"end":{"line":136,"column":27}}]},"3":{"type":"branch","line":131,"loc":{"start":{"line":131,"column":28},"end":{"line":132,"column":42}},"locations":[{"start":{"line":131,"column":28},"end":{"line":132,"column":42}}]},"4":{"type":"branch","line":132,"loc":{"start":{"line":132,"column":20},"end":{"line":135,"column":41}},"locations":[{"start":{"line":132,"column":20},"end":{"line":135,"column":41}}]},"5":{"type":"branch","line":133,"loc":{"start":{"line":133,"column":31},"end":{"line":134,"column":37}},"locations":[{"start":{"line":133,"column":31},"end":{"line":134,"column":37}}]},"6":{"type":"branch","line":147,"loc":{"start":{"line":147,"column":55},"end":{"line":147,"column":68}},"locations":[{"start":{"line":147,"column":55},"end":{"line":147,"column":68}}]},"7":{"type":"branch","line":147,"loc":{"start":{"line":147,"column":59},"end":{"line":147,"column":77}},"locations":[{"start":{"line":147,"column":59},"end":{"line":147,"column":77}}]},"8":{"type":"branch","line":157,"loc":{"start":{"line":157,"column":27},"end":{"line":157,"column":67}},"locations":[{"start":{"line":157,"column":27},"end":{"line":157,"column":67}}]},"9":{"type":"branch","line":168,"loc":{"start":{"line":168,"column":27},"end":{"line":168,"column":70}},"locations":[{"start":{"line":168,"column":27},"end":{"line":168,"column":70}}]},"10":{"type":"branch","line":179,"loc":{"start":{"line":179,"column":27},"end":{"line":179,"column":73}},"locations":[{"start":{"line":179,"column":27},"end":{"line":179,"column":73}}]},"11":{"type":"branch","line":20,"loc":{"start":{"line":20,"column":45},"end":{"line":31,"column":3}},"locations":[{"start":{"line":20,"column":45},"end":{"line":31,"column":3}}]},"12":{"type":"branch","line":24,"loc":{"start":{"line":24,"column":15},"end":{"line":24,"column":43}},"locations":[{"start":{"line":24,"column":15},"end":{"line":24,"column":43}}]},"13":{"type":"branch","line":24,"loc":{"start":{"line":24,"column":39},"end":{"line":24,"column":46}},"locations":[{"start":{"line":24,"column":39},"end":{"line":24,"column":46}}]},"14":{"type":"branch","line":25,"loc":{"start":{"line":25,"column":6},"end":{"line":28,"column":7}},"locations":[{"start":{"line":25,"column":6},"end":{"line":28,"column":7}}]},"15":{"type":"branch","line":29,"loc":{"start":{"line":29,"column":4},"end":{"line":30,"column":14}},"locations":[{"start":{"line":29,"column":4},"end":{"line":30,"column":14}}]},"16":{"type":"branch","line":36,"loc":{"start":{"line":36,"column":12},"end":{"line":38,"column":5}},"locations":[{"start":{"line":36,"column":12},"end":{"line":38,"column":5}}]},"17":{"type":"branch","line":40,"loc":{"start":{"line":40,"column":18},"end":{"line":53,"column":4}},"locations":[{"start":{"line":40,"column":18},"end":{"line":53,"column":4}}]},"18":{"type":"branch","line":41,"loc":{"start":{"line":41,"column":31},"end":{"line":41,"column":38}},"locations":[{"start":{"line":41,"column":31},"end":{"line":41,"column":38}}]},"19":{"type":"branch","line":41,"loc":{"start":{"line":41,"column":31},"end":{"line":52,"column":19}},"locations":[{"start":{"line":41,"column":31},"end":{"line":52,"column":19}}]},"20":{"type":"branch","line":55,"loc":{"start":{"line":55,"column":21},"end":{"line":61,"column":4}},"locations":[{"start":{"line":55,"column":21},"end":{"line":61,"column":4}}]},"21":{"type":"branch","line":57,"loc":{"start":{"line":57,"column":16},"end":{"line":58,"column":72}},"locations":[{"start":{"line":57,"column":16},"end":{"line":58,"column":72}}]},"22":{"type":"branch","line":58,"loc":{"start":{"line":58,"column":63},"end":{"line":58,"column":72}},"locations":[{"start":{"line":58,"column":63},"end":{"line":58,"column":72}}]},"23":{"type":"branch","line":63,"loc":{"start":{"line":63,"column":21},"end":{"line":65,"column":4}},"locations":[{"start":{"line":63,"column":21},"end":{"line":65,"column":4}}]},"24":{"type":"branch","line":64,"loc":{"start":{"line":64,"column":26},"end":{"line":64,"column":50}},"locations":[{"start":{"line":64,"column":26},"end":{"line":64,"column":50}}]},"25":{"type":"branch","line":67,"loc":{"start":{"line":67,"column":25},"end":{"line":69,"column":4}},"locations":[{"start":{"line":67,"column":25},"end":{"line":69,"column":4}}]},"26":{"type":"branch","line":68,"loc":{"start":{"line":68,"column":26},"end":{"line":68,"column":51}},"locations":[{"start":{"line":68,"column":26},"end":{"line":68,"column":51}}]},"27":{"type":"branch","line":71,"loc":{"start":{"line":71,"column":19},"end":{"line":75,"column":3}},"locations":[{"start":{"line":71,"column":19},"end":{"line":75,"column":3}}]},"28":{"type":"branch","line":73,"loc":{"start":{"line":73,"column":16},"end":{"line":73,"column":69}},"locations":[{"start":{"line":73,"column":16},"end":{"line":73,"column":69}}]},"29":{"type":"branch","line":73,"loc":{"start":{"line":73,"column":60},"end":{"line":73,"column":69}},"locations":[{"start":{"line":73,"column":60},"end":{"line":73,"column":69}}]},"30":{"type":"branch","line":77,"loc":{"start":{"line":77,"column":37},"end":{"line":81,"column":3}},"locations":[{"start":{"line":77,"column":37},"end":{"line":81,"column":3}}]},"31":{"type":"branch","line":78,"loc":{"start":{"line":78,"column":29},"end":{"line":78,"column":52}},"locations":[{"start":{"line":78,"column":29},"end":{"line":78,"column":52}}]},"32":{"type":"branch","line":78,"loc":{"start":{"line":78,"column":42},"end":{"line":79,"column":39}},"locations":[{"start":{"line":78,"column":42},"end":{"line":79,"column":39}}]},"33":{"type":"branch","line":79,"loc":{"start":{"line":79,"column":32},"end":{"line":79,"column":54}},"locations":[{"start":{"line":79,"column":32},"end":{"line":79,"column":54}}]},"34":{"type":"branch","line":79,"loc":{"start":{"line":79,"column":44},"end":{"line":80,"column":16}},"locations":[{"start":{"line":79,"column":44},"end":{"line":80,"column":16}}]},"35":{"type":"branch","line":83,"loc":{"start":{"line":83,"column":40},"end":{"line":83,"column":65}},"locations":[{"start":{"line":83,"column":40},"end":{"line":83,"column":65}}]},"36":{"type":"branch","line":96,"loc":{"start":{"line":96,"column":22},"end":{"line":96,"column":56}},"locations":[{"start":{"line":96,"column":22},"end":{"line":96,"column":56}}]},"37":{"type":"branch","line":97,"loc":{"start":{"line":97,"column":23},"end":{"line":99,"column":14}},"locations":[{"start":{"line":97,"column":23},"end":{"line":99,"column":14}}]},"38":{"type":"branch","line":98,"loc":{"start":{"line":98,"column":37},"end":{"line":98,"column":47}},"locations":[{"start":{"line":98,"column":37},"end":{"line":98,"column":47}}]},"39":{"type":"branch","line":116,"loc":{"start":{"line":116,"column":32},"end":{"line":123,"column":18}},"locations":[{"start":{"line":116,"column":32},"end":{"line":123,"column":18}}]},"40":{"type":"branch","line":159,"loc":{"start":{"line":159,"column":23},"end":{"line":159,"column":46}},"locations":[{"start":{"line":159,"column":23},"end":{"line":159,"column":46}}]},"41":{"type":"branch","line":170,"loc":{"start":{"line":170,"column":23},"end":{"line":170,"column":49}},"locations":[{"start":{"line":170,"column":23},"end":{"line":170,"column":49}}]},"42":{"type":"branch","line":181,"loc":{"start":{"line":181,"column":23},"end":{"line":181,"column":52}},"locations":[{"start":{"line":181,"column":23},"end":{"line":181,"column":52}}]}},"b":{"0":[54],"1":[18],"2":[36],"3":[35],"4":[1],"5":[0],"6":[18],"7":[36],"8":[50],"9":[2],"10":[2],"11":[13],"12":[9],"13":[4],"14":[0],"15":[0],"16":[19],"17":[3],"18":[1],"19":[2],"20":[1],"21":[1],"22":[0],"23":[1],"24":[1],"25":[1],"26":[2],"27":[1],"28":[1],"29":[0],"30":[28],"31":[4],"32":[24],"33":[3],"34":[21],"35":[28],"36":[30],"37":[31],"38":[1],"39":[24],"40":[1],"41":[2],"42":[2]},"fnMap":{"0":{"name":"TodoList","decl":{"start":{"line":19,"column":0},"end":{"line":198,"column":1}},"loc":{"start":{"line":19,"column":0},"end":{"line":198,"column":1}},"line":19},"1":{"name":"addTodo","decl":{"start":{"line":40,"column":18},"end":{"line":53,"column":4}},"loc":{"start":{"line":40,"column":18},"end":{"line":53,"column":4}},"line":40},"2":{"name":"toggleTodo","decl":{"start":{"line":55,"column":21},"end":{"line":61,"column":4}},"loc":{"start":{"line":55,"column":21},"end":{"line":61,"column":4}},"line":55},"3":{"name":"deleteTodo","decl":{"start":{"line":63,"column":21},"end":{"line":65,"column":4}},"loc":{"start":{"line":63,"column":21},"end":{"line":65,"column":4}},"line":63},"4":{"name":"clearCompleted","decl":{"start":{"line":67,"column":25},"end":{"line":69,"column":4}},"loc":{"start":{"line":67,"column":25},"end":{"line":69,"column":4}},"line":67},"5":{"name":"editTodo","decl":{"start":{"line":71,"column":19},"end":{"line":75,"column":3}},"loc":{"start":{"line":71,"column":19},"end":{"line":75,"column":3}},"line":71},"6":{"name":"onChange","decl":{"start":{"line":96,"column":22},"end":{"line":96,"column":56}},"loc":{"start":{"line":96,"column":22},"end":{"line":96,"column":56}},"line":96},"7":{"name":"onKeyDown","decl":{"start":{"line":97,"column":23},"end":{"line":99,"column":14}},"loc":{"start":{"line":97,"column":23},"end":{"line":99,"column":14}},"line":97},"8":{"name":"onClick","decl":{"start":{"line":159,"column":23},"end":{"line":159,"column":46}},"loc":{"start":{"line":159,"column":23},"end":{"line":159,"column":46}},"line":159},"9":{"name":"onClick","decl":{"start":{"line":170,"column":23},"end":{"line":170,"column":49}},"loc":{"start":{"line":170,"column":23},"end":{"line":170,"column":49}},"line":170},"10":{"name":"onClick","decl":{"start":{"line":181,"column":23},"end":{"line":181,"column":52}},"loc":{"start":{"line":181,"column":23},"end":{"line":181,"column":52}},"line":181}},"f":{"0":54,"1":3,"2":1,"3":1,"4":1,"5":1,"6":30,"7":31,"8":1,"9":2,"10":2}}
,"D:\\FE-Projects\\todo-list\\components\\ui\\badge.tsx": {"path":"D:\\FE-Projects\\todo-list\\components\\ui\\badge.tsx","all":false,"statementMap":{"0":{"start":{"line":1,"column":0},"end":{"line":1,"column":36}},"5":{"start":{"line":6,"column":0},"end":{"line":6,"column":26}},"6":{"start":{"line":7,"column":0},"end":{"line":7,"column":171}},"7":{"start":{"line":8,"column":0},"end":{"line":8,"column":3}},"8":{"start":{"line":9,"column":0},"end":{"line":9,"column":15}},"9":{"start":{"line":10,"column":0},"end":{"line":10,"column":16}},"10":{"start":{"line":11,"column":0},"end":{"line":11,"column":16}},"11":{"start":{"line":12,"column":0},"end":{"line":12,"column":86}},"12":{"start":{"line":13,"column":0},"end":{"line":13,"column":18}},"13":{"start":{"line":14,"column":0},"end":{"line":14,"column":92}},"14":{"start":{"line":15,"column":0},"end":{"line":15,"column":20}},"15":{"start":{"line":16,"column":0},"end":{"line":16,"column":98}},"16":{"start":{"line":17,"column":0},"end":{"line":17,"column":35}},"17":{"start":{"line":18,"column":0},"end":{"line":18,"column":8}},"18":{"start":{"line":19,"column":0},"end":{"line":19,"column":6}},"19":{"start":{"line":20,"column":0},"end":{"line":20,"column":22}},"20":{"start":{"line":21,"column":0},"end":{"line":21,"column":25}},"21":{"start":{"line":22,"column":0},"end":{"line":22,"column":6}},"22":{"start":{"line":23,"column":0},"end":{"line":23,"column":4}},"23":{"start":{"line":24,"column":0},"end":{"line":24,"column":2}},"29":{"start":{"line":30,"column":0},"end":{"line":30,"column":62}},"30":{"start":{"line":31,"column":0},"end":{"line":31,"column":10}},"31":{"start":{"line":32,"column":0},"end":{"line":32,"column":8}},"32":{"start":{"line":33,"column":0},"end":{"line":33,"column":59}},"33":{"start":{"line":34,"column":0},"end":{"line":34,"column":16}},"34":{"start":{"line":35,"column":0},"end":{"line":35,"column":6}},"36":{"start":{"line":37,"column":0},"end":{"line":37,"column":1}}},"s":{"0":1,"5":1,"6":1,"7":1,"8":1,"9":1,"10":1,"11":1,"12":1,"13":1,"14":1,"15":1,"16":1,"17":1,"18":1,"19":1,"20":1,"21":1,"22":1,"23":1,"29":54,"30":54,"31":54,"32":54,"33":54,"34":54,"36":54},"branchMap":{"0":{"type":"branch","line":30,"loc":{"start":{"line":30,"column":0},"end":{"line":37,"column":1}},"locations":[{"start":{"line":30,"column":0},"end":{"line":37,"column":1}}]}},"b":{"0":[54]},"fnMap":{"0":{"name":"Badge","decl":{"start":{"line":30,"column":0},"end":{"line":37,"column":1}},"loc":{"start":{"line":30,"column":0},"end":{"line":37,"column":1}},"line":30}},"f":{"0":54}}
,"D:\\FE-Projects\\todo-list\\components\\ui\\button.tsx": {"path":"D:\\FE-Projects\\todo-list\\components\\ui\\button.tsx","all":false,"statementMap":{"0":{"start":{"line":1,"column":0},"end":{"line":1,"column":12}},"8":{"start":{"line":9,"column":0},"end":{"line":9,"column":27}},"9":{"start":{"line":10,"column":0},"end":{"line":10,"column":283}},"10":{"start":{"line":11,"column":0},"end":{"line":11,"column":3}},"11":{"start":{"line":12,"column":0},"end":{"line":12,"column":15}},"12":{"start":{"line":13,"column":0},"end":{"line":13,"column":16}},"13":{"start":{"line":14,"column":0},"end":{"line":14,"column":74}},"14":{"start":{"line":15,"column":0},"end":{"line":15,"column":90}},"15":{"start":{"line":16,"column":0},"end":{"line":16,"column":98}},"16":{"start":{"line":17,"column":0},"end":{"line":17,"column":82}},"17":{"start":{"line":18,"column":0},"end":{"line":18,"column":62}},"18":{"start":{"line":19,"column":0},"end":{"line":19,"column":64}},"19":{"start":{"line":20,"column":0},"end":{"line":20,"column":8}},"20":{"start":{"line":21,"column":0},"end":{"line":21,"column":13}},"21":{"start":{"line":22,"column":0},"end":{"line":22,"column":34}},"22":{"start":{"line":23,"column":0},"end":{"line":23,"column":34}},"23":{"start":{"line":24,"column":0},"end":{"line":24,"column":35}},"24":{"start":{"line":25,"column":0},"end":{"line":25,"column":26}},"25":{"start":{"line":26,"column":0},"end":{"line":26,"column":8}},"26":{"start":{"line":27,"column":0},"end":{"line":27,"column":6}},"27":{"start":{"line":28,"column":0},"end":{"line":28,"column":22}},"28":{"start":{"line":29,"column":0},"end":{"line":29,"column":25}},"29":{"start":{"line":30,"column":0},"end":{"line":30,"column":22}},"30":{"start":{"line":31,"column":0},"end":{"line":31,"column":6}},"31":{"start":{"line":32,"column":0},"end":{"line":32,"column":4}},"32":{"start":{"line":33,"column":0},"end":{"line":33,"column":1}},"40":{"start":{"line":41,"column":0},"end":{"line":41,"column":64}},"41":{"start":{"line":42,"column":0},"end":{"line":42,"column":69}},"42":{"start":{"line":43,"column":0},"end":{"line":43,"column":42}},"43":{"start":{"line":44,"column":0},"end":{"line":44,"column":101}},"44":{"start":{"line":45,"column":0},"end":{"line":45,"column":4}},"45":{"start":{"line":46,"column":0},"end":{"line":46,"column":1}},"46":{"start":{"line":47,"column":0},"end":{"line":47,"column":29}}},"s":{"0":1,"8":1,"9":1,"10":1,"11":1,"12":1,"13":1,"14":1,"15":1,"16":1,"17":1,"18":1,"19":1,"20":1,"21":1,"22":1,"23":1,"24":1,"25":1,"26":1,"27":1,"28":1,"29":1,"30":1,"31":1,"32":1,"40":1,"41":1,"42":494,"43":494,"44":494,"45":1,"46":1},"branchMap":{"0":{"type":"branch","line":42,"loc":{"start":{"line":42,"column":2},"end":{"line":45,"column":4}},"locations":[{"start":{"line":42,"column":2},"end":{"line":45,"column":4}}]},"1":{"type":"branch","line":43,"loc":{"start":{"line":43,"column":17},"end":{"line":43,"column":34}},"locations":[{"start":{"line":43,"column":17},"end":{"line":43,"column":34}}]}},"b":{"0":[494],"1":[0]},"fnMap":{},"f":{}}
,"D:\\FE-Projects\\todo-list\\components\\ui\\input.tsx": {"path":"D:\\FE-Projects\\todo-list\\components\\ui\\input.tsx","all":false,"statementMap":{"0":{"start":{"line":1,"column":0},"end":{"line":1,"column":30}},"6":{"start":{"line":7,"column":0},"end":{"line":7,"column":102}},"7":{"start":{"line":8,"column":0},"end":{"line":8,"column":10}},"8":{"start":{"line":9,"column":0},"end":{"line":9,"column":10}},"9":{"start":{"line":10,"column":0},"end":{"line":10,"column":17}},"10":{"start":{"line":11,"column":0},"end":{"line":11,"column":20}},"11":{"start":{"line":12,"column":0},"end":{"line":12,"column":359}},"12":{"start":{"line":13,"column":0},"end":{"line":13,"column":18}},"13":{"start":{"line":14,"column":0},"end":{"line":14,"column":8}},"14":{"start":{"line":15,"column":0},"end":{"line":15,"column":15}},"15":{"start":{"line":16,"column":0},"end":{"line":16,"column":16}},"16":{"start":{"line":17,"column":0},"end":{"line":17,"column":6}},"18":{"start":{"line":19,"column":0},"end":{"line":19,"column":2}},"19":{"start":{"line":20,"column":0},"end":{"line":20,"column":27}}},"s":{"0":1,"6":1,"7":113,"8":113,"9":113,"10":113,"11":113,"12":113,"13":113,"14":113,"15":113,"16":113,"18":113,"19":1},"branchMap":{"0":{"type":"branch","line":7,"loc":{"start":{"line":7,"column":61},"end":{"line":19,"column":2}},"locations":[{"start":{"line":7,"column":61},"end":{"line":19,"column":2}}]}},"b":{"0":[113]},"fnMap":{},"f":{}}
,"D:\\FE-Projects\\todo-list\\components\\welcome\\welcome.tsx": {"path":"D:\\FE-Projects\\todo-list\\components\\welcome\\welcome.tsx","all":true,"statementMap":{"0":{"start":{"line":1,"column":0},"end":{"line":1,"column":39}},"3":{"start":{"line":4,"column":0},"end":{"line":4,"column":27}},"4":{"start":{"line":5,"column":0},"end":{"line":5,"column":10}},"5":{"start":{"line":6,"column":0},"end":{"line":6,"column":66}},"6":{"start":{"line":7,"column":0},"end":{"line":7,"column":72}},"7":{"start":{"line":8,"column":0},"end":{"line":8,"column":61}},"8":{"start":{"line":9,"column":0},"end":{"line":9,"column":55}},"9":{"start":{"line":10,"column":0},"end":{"line":10,"column":16}},"10":{"start":{"line":11,"column":0},"end":{"line":11,"column":29}},"11":{"start":{"line":12,"column":0},"end":{"line":12,"column":32}},"12":{"start":{"line":13,"column":0},"end":{"line":13,"column":50}},"13":{"start":{"line":14,"column":0},"end":{"line":14,"column":14}},"14":{"start":{"line":15,"column":0},"end":{"line":15,"column":16}},"15":{"start":{"line":16,"column":0},"end":{"line":16,"column":28}},"16":{"start":{"line":17,"column":0},"end":{"line":17,"column":32}},"17":{"start":{"line":18,"column":0},"end":{"line":18,"column":50}},"18":{"start":{"line":19,"column":0},"end":{"line":19,"column":14}},"19":{"start":{"line":20,"column":0},"end":{"line":20,"column":16}},"20":{"start":{"line":21,"column":0},"end":{"line":21,"column":17}},"21":{"start":{"line":22,"column":0},"end":{"line":22,"column":61}},"22":{"start":{"line":23,"column":0},"end":{"line":23,"column":97}},"23":{"start":{"line":24,"column":0},"end":{"line":24,"column":82}},"25":{"start":{"line":26,"column":0},"end":{"line":26,"column":16}},"26":{"start":{"line":27,"column":0},"end":{"line":27,"column":16}},"27":{"start":{"line":28,"column":0},"end":{"line":28,"column":56}},"28":{"start":{"line":29,"column":0},"end":{"line":29,"column":31}},"29":{"start":{"line":30,"column":0},"end":{"line":30,"column":20}},"30":{"start":{"line":31,"column":0},"end":{"line":31,"column":142}},"31":{"start":{"line":32,"column":0},"end":{"line":32,"column":31}},"32":{"start":{"line":33,"column":0},"end":{"line":33,"column":35}},"33":{"start":{"line":34,"column":0},"end":{"line":34,"column":36}},"35":{"start":{"line":36,"column":0},"end":{"line":36,"column":26}},"36":{"start":{"line":37,"column":0},"end":{"line":37,"column":26}},"37":{"start":{"line":38,"column":0},"end":{"line":38,"column":22}},"38":{"start":{"line":39,"column":0},"end":{"line":39,"column":21}},"39":{"start":{"line":40,"column":0},"end":{"line":40,"column":17}},"40":{"start":{"line":41,"column":0},"end":{"line":41,"column":17}},"41":{"start":{"line":42,"column":0},"end":{"line":42,"column":16}},"42":{"start":{"line":43,"column":0},"end":{"line":43,"column":14}},"43":{"start":{"line":44,"column":0},"end":{"line":44,"column":12}},"44":{"start":{"line":45,"column":0},"end":{"line":45,"column":11}},"46":{"start":{"line":47,"column":0},"end":{"line":47,"column":1}},"48":{"start":{"line":49,"column":0},"end":{"line":49,"column":19}},"49":{"start":{"line":50,"column":0},"end":{"line":50,"column":3}},"50":{"start":{"line":51,"column":0},"end":{"line":51,"column":41}},"51":{"start":{"line":52,"column":0},"end":{"line":52,"column":30}},"52":{"start":{"line":53,"column":0},"end":{"line":53,"column":11}},"53":{"start":{"line":54,"column":0},"end":{"line":54,"column":10}},"54":{"start":{"line":55,"column":0},"end":{"line":55,"column":42}},"55":{"start":{"line":56,"column":0},"end":{"line":56,"column":18}},"56":{"start":{"line":57,"column":0},"end":{"line":57,"column":19}},"57":{"start":{"line":58,"column":0},"end":{"line":58,"column":27}},"58":{"start":{"line":59,"column":0},"end":{"line":59,"column":19}},"59":{"start":{"line":60,"column":0},"end":{"line":60,"column":83}},"61":{"start":{"line":62,"column":0},"end":{"line":62,"column":13}},"62":{"start":{"line":63,"column":0},"end":{"line":63,"column":457}},"63":{"start":{"line":64,"column":0},"end":{"line":64,"column":27}},"64":{"start":{"line":65,"column":0},"end":{"line":65,"column":31}},"65":{"start":{"line":66,"column":0},"end":{"line":66,"column":10}},"66":{"start":{"line":67,"column":0},"end":{"line":67,"column":12}},"68":{"start":{"line":69,"column":0},"end":{"line":69,"column":4}},"69":{"start":{"line":70,"column":0},"end":{"line":70,"column":3}},"70":{"start":{"line":71,"column":0},"end":{"line":71,"column":35}},"71":{"start":{"line":72,"column":0},"end":{"line":72,"column":25}},"72":{"start":{"line":73,"column":0},"end":{"line":73,"column":11}},"73":{"start":{"line":74,"column":0},"end":{"line":74,"column":10}},"74":{"start":{"line":75,"column":0},"end":{"line":75,"column":42}},"75":{"start":{"line":76,"column":0},"end":{"line":76,"column":18}},"76":{"start":{"line":77,"column":0},"end":{"line":77,"column":19}},"77":{"start":{"line":78,"column":0},"end":{"line":78,"column":27}},"78":{"start":{"line":79,"column":0},"end":{"line":79,"column":19}},"79":{"start":{"line":80,"column":0},"end":{"line":80,"column":83}},"81":{"start":{"line":82,"column":0},"end":{"line":82,"column":13}},"82":{"start":{"line":83,"column":0},"end":{"line":83,"column":1303}},"83":{"start":{"line":84,"column":0},"end":{"line":84,"column":27}},"84":{"start":{"line":85,"column":0},"end":{"line":85,"column":10}},"85":{"start":{"line":86,"column":0},"end":{"line":86,"column":12}},"87":{"start":{"line":88,"column":0},"end":{"line":88,"column":4}},"88":{"start":{"line":89,"column":0},"end":{"line":89,"column":2}}},"s":{"0":0,"3":0,"4":0,"5":0,"6":0,"7":0,"8":0,"9":0,"10":0,"11":0,"12":0,"13":0,"14":0,"15":0,"16":0,"17":0,"18":0,"19":0,"20":0,"21":0,"22":0,"23":0,"25":0,"26":0,"27":0,"28":0,"29":0,"30":0,"31":0,"32":0,"33":0,"35":0,"36":0,"37":0,"38":0,"39":0,"40":0,"41":0,"42":0,"43":0,"44":0,"46":0,"48":0,"49":0,"50":0,"51":0,"52":0,"53":0,"54":0,"55":0,"56":0,"57":0,"58":0,"59":0,"61":0,"62":0,"63":0,"64":0,"65":0,"66":0,"68":0,"69":0,"70":0,"71":0,"72":0,"73":0,"74":0,"75":0,"76":0,"77":0,"78":0,"79":0,"81":0,"82":0,"83":0,"84":0,"85":0,"87":0,"88":0},"branchMap":{"0":{"type":"branch","line":1,"loc":{"start":{"line":1,"column":0},"end":{"line":89,"column":-4069}},"locations":[{"start":{"line":1,"column":0},"end":{"line":89,"column":-4069}}]}},"b":{"0":[0]},"fnMap":{"0":{"name":"(empty-report)","decl":{"start":{"line":1,"column":0},"end":{"line":89,"column":-4069}},"loc":{"start":{"line":1,"column":0},"end":{"line":89,"column":-4069}},"line":1}},"f":{"0":0}}
,"D:\\FE-Projects\\todo-list\\lib\\utils.ts": {"path":"D:\\FE-Projects\\todo-list\\lib\\utils.ts","all":false,"statementMap":{"0":{"start":{"line":1,"column":0},"end":{"line":1,"column":44}},"3":{"start":{"line":4,"column":0},"end":{"line":4,"column":45}},"4":{"start":{"line":5,"column":0},"end":{"line":5,"column":30}},"5":{"start":{"line":6,"column":0},"end":{"line":6,"column":1}},"7":{"start":{"line":8,"column":0},"end":{"line":8,"column":38}},"8":{"start":{"line":9,"column":0},"end":{"line":9,"column":81}},"9":{"start":{"line":10,"column":0},"end":{"line":10,"column":31}},"10":{"start":{"line":11,"column":0},"end":{"line":11,"column":3}},"11":{"start":{"line":12,"column":0},"end":{"line":12,"column":28}},"12":{"start":{"line":13,"column":0},"end":{"line":13,"column":1}}},"s":{"0":1,"3":1,"4":960,"5":960,"7":1,"8":2,"9":2,"10":2,"11":0,"12":0},"branchMap":{"0":{"type":"branch","line":4,"loc":{"start":{"line":4,"column":7},"end":{"line":6,"column":1}},"locations":[{"start":{"line":4,"column":7},"end":{"line":6,"column":1}}]},"1":{"type":"branch","line":8,"loc":{"start":{"line":8,"column":7},"end":{"line":13,"column":1}},"locations":[{"start":{"line":8,"column":7},"end":{"line":13,"column":1}}]},"2":{"type":"branch","line":11,"loc":{"start":{"line":11,"column":2},"end":{"line":13,"column":1}},"locations":[{"start":{"line":11,"column":2},"end":{"line":13,"column":1}}]}},"b":{"0":[960],"1":[2],"2":[0]},"fnMap":{"0":{"name":"cn","decl":{"start":{"line":4,"column":7},"end":{"line":6,"column":1}},"loc":{"start":{"line":4,"column":7},"end":{"line":6,"column":1}},"line":4},"1":{"name":"generateId","decl":{"start":{"line":8,"column":7},"end":{"line":13,"column":1}},"loc":{"start":{"line":8,"column":7},"end":{"line":13,"column":1}},"line":8}},"f":{"0":960,"1":2}}
}
